This file contains any messages produced by compilers while
running configure, to aid debugging if configure makes a mistake.

It was created by libupnp configure 1.6.17, which was
generated by GNU Autoconf 2.63.  Invocation command line was

  $ ./configure --host=mips-linux --build=i686-linux --prefix=/root/pisen/svn/WPR003N/apps/dmr/mrender/gmediarender/libupnp --disable-blocking_tcp_connections

## --------- ##
## Platform. ##
## --------- ##

hostname = zxl.pisen
uname -m = i686
uname -r = 2.6.32-358.el6.i686
uname -s = Linux
uname -v = #1 SMP Thu Feb 21 21:50:49 UTC 2013

/usr/bin/uname -p = unknown
/bin/uname -X     = unknown

/bin/arch              = i686
/usr/bin/arch -k       = unknown
/usr/convex/getsysinfo = unknown
/usr/bin/hostinfo      = unknown
/bin/machine           = unknown
/usr/bin/oslevel       = unknown
/bin/universe          = unknown

PATH: /root/WPR003N/build/gcc-4.3.3/build_mips/staging_dir/usr/bin
PATH: /usr/lib/qt-3.3/bin
PATH: /usr/local/sbin
PATH: /usr/local/bin
PATH: /sbin
PATH: /bin
PATH: /usr/sbin
PATH: /usr/bin
PATH: /root/bin


## ----------- ##
## Core tests. ##
## ----------- ##

configure:2160: checking for a BSD-compatible install
configure:2228: result: /usr/bin/install -c
configure:2239: checking whether build environment is sane
configure:2299: result: yes
configure:2348: checking for mips-linux-strip
configure:2364: found /root/WPR003N/build/gcc-4.3.3/build_mips/staging_dir/usr/bin/mips-linux-strip
configure:2375: result: mips-linux-strip
configure:2440: checking for a thread-safe mkdir -p
configure:2479: result: /bin/mkdir -p
configure:2492: checking for gawk
configure:2508: found /bin/gawk
configure:2519: result: gawk
configure:2530: checking whether make sets $(MAKE)
configure:2552: result: yes
configure:2645: checking build system type
configure:2663: result: i686-pc-linux-gnu
configure:2685: checking host system type
configure:2700: result: mips-unknown-linux-gnu
configure:2769: checking for --enable-debug
configure:2777: result: no
configure:2817: checking for --enable-client
configure:2825: result: yes
configure:2846: checking for --enable-device
configure:2854: result: yes
configure:2878: checking for --enable-webserver
configure:2886: result: yes
configure:2915: checking for --enable-ssdp
configure:2923: result: yes
configure:2943: checking for --enable-optssdp
configure:2951: result: yes
configure:2972: checking for --enable-soap
configure:2980: result: yes
configure:3000: checking for --enable-gena
configure:3008: result: yes
configure:3038: checking for --enable-tools
configure:3046: result: yes
configure:3066: checking for --enable-ipv6
configure:3074: result: no
configure:3094: checking for --enable-unspecified_server
configure:3102: result: no
configure:3122: checking for --enable-notification_reordering
configure:3130: result: yes
configure:3150: checking for --enable-blocking_tcp_connections
configure:3158: result: no
configure:3179: checking for --enable-samples
configure:3187: result: yes
configure:3208: checking for documentation directory
configure:3234: result: ${datarootdir}/doc/libupnp-1.6.17
configure:3249: checking for mips-linux-gcc
configure:3265: found /root/WPR003N/build/gcc-4.3.3/build_mips/staging_dir/usr/bin/mips-linux-gcc
configure:3276: result: mips-linux-gcc
configure:3548: checking for C compiler version
configure:3556: mips-linux-gcc --version >&5
mips-linux-gcc (GCC) 4.3.3
Copyright (C) 2008 Free Software Foundation, Inc.
This is free software; see the source for copying conditions.  There is NO
warranty; not even for MERCHANTABILITY or FITNESS FOR A PARTICULAR PURPOSE.

configure:3560: $? = 0
configure:3567: mips-linux-gcc -v >&5
Using built-in specs.
Target: mips-linux-uclibc
Configured with: /root/pisen/svn/WPR003N/build/gcc-4.3.3/toolchain_build_mips/gcc-4.3.3/configure --prefix=/usr --build=i386-pc-linux-gnu --host=i386-pc-linux-gnu --target=mips-linux-uclibc --enable-languages=c,c++ --with-sysroot=/root/pisen/svn/WPR003N/build/gcc-4.3.3/build_mips/staging_dir --with-build-time-tools=/root/pisen/svn/WPR003N/build/gcc-4.3.3/build_mips/staging_dir/usr/mips-linux-uclibc/bin --disable-__cxa_atexit --enable-target-optspace --with-gnu-ld --disable-libssp --disable-tls --enable-shared --with-gmp=/root/pisen/svn/WPR003N/build/gcc-4.3.3/toolchain_build_mips/gmp --with-mpfr=/root/pisen/svn/WPR003N/build/gcc-4.3.3/toolchain_build_mips/mpfr --disable-nls --enable-threads --disable-multilib --disable-decimal-float --with-float=soft --with-abi=32 --with-tune=mips32r2
Thread model: posix
gcc version 4.3.3 (GCC) 
configure:3571: $? = 0
configure:3578: mips-linux-gcc -V >&5
mips-linux-gcc: '-V' option must have argument
configure:3582: $? = 1
configure:3605: checking for C compiler default output file name
configure:3627: mips-linux-gcc    conftest.c  >&5
configure:3631: $? = 0
configure:3669: result: a.out
configure:3688: checking whether the C compiler works
configure:3721: result: yes
configure:3728: checking whether we are cross compiling
configure:3730: result: yes
configure:3733: checking for suffix of executables
configure:3740: mips-linux-gcc -o conftest    conftest.c  >&5
configure:3744: $? = 0
configure:3770: result: 
configure:3776: checking for suffix of object files
configure:3802: mips-linux-gcc -c   conftest.c >&5
configure:3806: $? = 0
configure:3831: result: o
configure:3835: checking whether we are using the GNU C compiler
configure:3864: mips-linux-gcc -c   conftest.c >&5
configure:3871: $? = 0
configure:3888: result: yes
configure:3897: checking whether mips-linux-gcc accepts -g
configure:3927: mips-linux-gcc -c -g  conftest.c >&5
configure:3934: $? = 0
configure:4035: result: yes
configure:4052: checking for mips-linux-gcc option to accept ISO C89
configure:4126: mips-linux-gcc  -c -g -O2  conftest.c >&5
configure:4133: $? = 0
configure:4156: result: none needed
configure:4185: checking for style of include used by make
configure:4213: result: GNU
configure:4238: checking dependency style of mips-linux-gcc
configure:4348: result: gcc3
configure:4364: checking whether mips-linux-gcc and cc understand -c and -o together
configure:4399: mips-linux-gcc -c conftest.c -o conftest2.o >&5
configure:4403: $? = 0
configure:4409: mips-linux-gcc -c conftest.c -o conftest2.o >&5
configure:4413: $? = 0
configure:4424: cc -c conftest.c >&5
configure:4428: $? = 0
configure:4436: cc -c conftest.c -o conftest2.o >&5
configure:4440: $? = 0
configure:4446: cc -c conftest.c -o conftest2.o >&5
configure:4450: $? = 0
configure:4468: result: yes
configure:4520: checking for a sed that does not truncate output
configure:4586: result: /bin/sed
configure:4604: checking for grep that handles long lines and -e
configure:4664: result: /bin/grep
configure:4669: checking for egrep
configure:4733: result: /bin/grep -E
configure:4738: checking for fgrep
configure:4802: result: /bin/grep -F
configure:4837: checking for ld used by mips-linux-gcc
configure:4904: result: /root/pisen/svn/WPR003N/build/gcc-4.3.3/build_mips/staging_dir/usr/mips-linux-uclibc/bin/ld
configure:4913: checking if the linker (/root/pisen/svn/WPR003N/build/gcc-4.3.3/build_mips/staging_dir/usr/mips-linux-uclibc/bin/ld) is GNU ld
configure:4928: result: yes
configure:4940: checking for BSD- or MS-compatible name lister (nm)
configure:4989: result: /root/WPR003N/build/gcc-4.3.3/build_mips/staging_dir/usr/bin/mips-linux-nm -B
configure:5107: checking the name lister (/root/WPR003N/build/gcc-4.3.3/build_mips/staging_dir/usr/bin/mips-linux-nm -B) interface
configure:5114: mips-linux-gcc -c -g -O2  conftest.c >&5
configure:5117: /root/WPR003N/build/gcc-4.3.3/build_mips/staging_dir/usr/bin/mips-linux-nm -B "conftest.o"
configure:5120: output
00000000 B some_variable
configure:5127: result: BSD nm
configure:5130: checking whether ln -s works
configure:5134: result: yes
configure:5142: checking the maximum length of command line arguments
configure:5262: result: 1966080
configure:5279: checking whether the shell understands some XSI constructs
configure:5289: result: yes
configure:5293: checking whether the shell understands "+="
configure:5299: result: yes
configure:5334: checking for /root/pisen/svn/WPR003N/build/gcc-4.3.3/build_mips/staging_dir/usr/mips-linux-uclibc/bin/ld option to reload object files
configure:5341: result: -r
configure:5370: checking for mips-linux-objdump
configure:5386: found /root/WPR003N/build/gcc-4.3.3/build_mips/staging_dir/usr/bin/mips-linux-objdump
configure:5397: result: mips-linux-objdump
configure:5469: checking how to recognize dependent libraries
configure:5665: result: pass_all
configure:5685: checking for mips-linux-ar
configure:5701: found /root/WPR003N/build/gcc-4.3.3/build_mips/staging_dir/usr/bin/mips-linux-ar
configure:5712: result: mips-linux-ar
configure:5790: checking for mips-linux-strip
configure:5817: result: mips-linux-strip
configure:5889: checking for mips-linux-ranlib
configure:5905: found /root/WPR003N/build/gcc-4.3.3/build_mips/staging_dir/usr/bin/mips-linux-ranlib
configure:5916: result: mips-linux-ranlib
configure:6046: checking command to parse /root/WPR003N/build/gcc-4.3.3/build_mips/staging_dir/usr/bin/mips-linux-nm -B output from mips-linux-gcc object
configure:6164: mips-linux-gcc -c -g -O2  conftest.c >&5
configure:6167: $? = 0
configure:6171: /root/WPR003N/build/gcc-4.3.3/build_mips/staging_dir/usr/bin/mips-linux-nm -B conftest.o \| sed -n -e 's/^.*[	 ]\([ABCDGIRSTW][ABCDGIRSTW]*\)[	 ][	 ]*\([_A-Za-z][_A-Za-z0-9]*\)$/\1 \2 \2/p' \> conftest.nm
configure:6174: $? = 0
configure:6228: mips-linux-gcc -o conftest -g -O2   conftest.c conftstm.o >&5
configure:6231: $? = 0
configure:6269: result: ok
configure:7136: checking how to run the C preprocessor
configure:7176: mips-linux-gcc -E  conftest.c
configure:7183: $? = 0
configure:7214: mips-linux-gcc -E  conftest.c
conftest.c:25:28: error: ac_nonexistent.h: No such file or directory
configure:7221: $? = 1
configure: failed program was:
| /* confdefs.h.  */
| #define PACKAGE_NAME "libupnp"
| #define PACKAGE_TARNAME "libupnp"
| #define PACKAGE_VERSION "1.6.17"
| #define PACKAGE_STRING "libupnp 1.6.17"
| #define PACKAGE_BUGREPORT "mroberto@users.sourceforge.net"
| #define PACKAGE "libupnp"
| #define VERSION "1.6.17"
| #define UPNP_VERSION_STRING "1.6.17"
| #define UPNP_VERSION_MAJOR 1
| #define UPNP_VERSION_MINOR 6
| #define UPNP_VERSION_PATCH 17
| #define NO_DEBUG 1
| #define NDEBUG 1
| #define UPNP_HAVE_CLIENT 1
| #define UPNP_HAVE_DEVICE 1
| #define UPNP_HAVE_WEBSERVER 1
| #define UPNP_HAVE_SSDP 1
| #define UPNP_HAVE_OPTSSDP 1
| #define UPNP_HAVE_SOAP 1
| #define UPNP_HAVE_GENA 1
| #define UPNP_HAVE_TOOLS 1
| #define UPNP_ENABLE_NOTIFICATION_REORDERING 1
| /* end confdefs.h.  */
| #include <ac_nonexistent.h>
configure:7254: result: mips-linux-gcc -E
configure:7283: mips-linux-gcc -E  conftest.c
configure:7290: $? = 0
configure:7321: mips-linux-gcc -E  conftest.c
conftest.c:25:28: error: ac_nonexistent.h: No such file or directory
configure:7328: $? = 1
configure: failed program was:
| /* confdefs.h.  */
| #define PACKAGE_NAME "libupnp"
| #define PACKAGE_TARNAME "libupnp"
| #define PACKAGE_VERSION "1.6.17"
| #define PACKAGE_STRING "libupnp 1.6.17"
| #define PACKAGE_BUGREPORT "mroberto@users.sourceforge.net"
| #define PACKAGE "libupnp"
| #define VERSION "1.6.17"
| #define UPNP_VERSION_STRING "1.6.17"
| #define UPNP_VERSION_MAJOR 1
| #define UPNP_VERSION_MINOR 6
| #define UPNP_VERSION_PATCH 17
| #define NO_DEBUG 1
| #define NDEBUG 1
| #define UPNP_HAVE_CLIENT 1
| #define UPNP_HAVE_DEVICE 1
| #define UPNP_HAVE_WEBSERVER 1
| #define UPNP_HAVE_SSDP 1
| #define UPNP_HAVE_OPTSSDP 1
| #define UPNP_HAVE_SOAP 1
| #define UPNP_HAVE_GENA 1
| #define UPNP_HAVE_TOOLS 1
| #define UPNP_ENABLE_NOTIFICATION_REORDERING 1
| /* end confdefs.h.  */
| #include <ac_nonexistent.h>
configure:7368: checking for ANSI C header files
configure:7398: mips-linux-gcc -c -g -O2  conftest.c >&5
configure:7405: $? = 0
configure:7536: result: yes
configure:7560: checking for sys/types.h
configure:7581: mips-linux-gcc -c -g -O2  conftest.c >&5
configure:7588: $? = 0
configure:7605: result: yes
configure:7560: checking for sys/stat.h
configure:7581: mips-linux-gcc -c -g -O2  conftest.c >&5
configure:7588: $? = 0
configure:7605: result: yes
configure:7560: checking for stdlib.h
configure:7581: mips-linux-gcc -c -g -O2  conftest.c >&5
configure:7588: $? = 0
configure:7605: result: yes
configure:7560: checking for string.h
configure:7581: mips-linux-gcc -c -g -O2  conftest.c >&5
configure:7588: $? = 0
configure:7605: result: yes
configure:7560: checking for memory.h
configure:7581: mips-linux-gcc -c -g -O2  conftest.c >&5
configure:7588: $? = 0
configure:7605: result: yes
configure:7560: checking for strings.h
configure:7581: mips-linux-gcc -c -g -O2  conftest.c >&5
configure:7588: $? = 0
configure:7605: result: yes
configure:7560: checking for inttypes.h
configure:7581: mips-linux-gcc -c -g -O2  conftest.c >&5
configure:7588: $? = 0
configure:7605: result: yes
configure:7560: checking for stdint.h
configure:7581: mips-linux-gcc -c -g -O2  conftest.c >&5
configure:7588: $? = 0
configure:7605: result: yes
configure:7560: checking for unistd.h
configure:7581: mips-linux-gcc -c -g -O2  conftest.c >&5
configure:7588: $? = 0
configure:7605: result: yes
configure:7623: checking for dlfcn.h
configure:7644: mips-linux-gcc -c -g -O2  conftest.c >&5
configure:7651: $? = 0
configure:7668: result: yes
configure:7854: checking for objdir
configure:7869: result: .libs
configure:8165: checking if mips-linux-gcc supports -fno-rtti -fno-exceptions
configure:8183: mips-linux-gcc -c -g -O2  -fno-rtti -fno-exceptions conftest.c >&5
cc1: warning: command line option "-fno-rtti" is valid for C++/ObjC++ but not for C
cc1: warning: command line option "-fno-rtti" is valid for C++/ObjC++ but not for C
configure:8187: $? = 0
configure:8200: result: no
configure:8220: checking for mips-linux-gcc option to produce PIC
configure:8492: result: -fPIC -DPIC
configure:8504: checking if mips-linux-gcc PIC flag -fPIC -DPIC works
configure:8522: mips-linux-gcc -c -g -O2  -fPIC -DPIC -DPIC conftest.c >&5
configure:8526: $? = 0
configure:8539: result: yes
configure:8563: checking if mips-linux-gcc static flag -static works
configure:8591: result: yes
configure:8606: checking if mips-linux-gcc supports -c -o file.o
configure:8627: mips-linux-gcc -c -g -O2  -o out/conftest2.o conftest.c >&5
configure:8631: $? = 0
configure:8653: result: yes
configure:8661: checking if mips-linux-gcc supports -c -o file.o
configure:8708: result: yes
configure:8741: checking whether the mips-linux-gcc linker (/root/pisen/svn/WPR003N/build/gcc-4.3.3/build_mips/staging_dir/usr/mips-linux-uclibc/bin/ld) supports shared libraries
configure:9821: result: yes
configure:9858: checking whether -lc should be explicitly linked in
configure:9863: mips-linux-gcc -c -g -O2  conftest.c >&5
configure:9866: $? = 0
configure:9881: mips-linux-gcc -shared conftest.o  -v -Wl,-soname -Wl,conftest -o conftest 2\>\&1 \| /bin/grep  -lc  \>/dev/null 2\>\&1
configure:9884: $? = 0
configure:9896: result: no
configure:10060: checking dynamic linker characteristics
configure:10503: mips-linux-gcc -o conftest -g -O2   -Wl,-rpath -Wl,/foo conftest.c  >&5
configure:10510: $? = 0
configure:10743: result: GNU/Linux ld.so
configure:10845: checking how to hardcode library paths into programs
configure:10870: result: immediate
configure:11703: checking whether stripping libraries is possible
configure:11708: result: yes
configure:11743: checking if libtool supports shared libraries
configure:11745: result: yes
configure:11748: checking whether to build shared libraries
configure:11769: result: yes
configure:11772: checking whether to build static libraries
configure:11776: result: yes
configure:11825: checking for a BSD-compatible install
configure:11893: result: /usr/bin/install -c
configure:11904: checking whether make sets $(MAKE)
configure:11926: result: yes
configure:11935: checking for egrep
configure:11999: result: /bin/grep -E
configure:12115: checking CFLAGS for gcc -Os
configure:12152: mips-linux-gcc -c -g -O2 -pedantic -Werror  -Os  conftest.c >&5
configure:12159: $? = 0
configure:12183: result: -Os
configure:12195: : CFLAGS="$CFLAGS $ac_cv_cflags_gcc_option__Os"
configure:12198: $? = 0
configure:12209: checking CFLAGS for maximum warnings
configure:12246: mips-linux-gcc -c -g -O2 -Os -pedantic  -Wall  conftest.c >&5
configure:12253: $? = 0
configure:12277: result: -Wall
configure:12290: : CFLAGS="$CFLAGS $ac_cv_cflags_warn_all"
configure:12293: $? = 0
configure:12306: checking for size_t
configure:12334: mips-linux-gcc -c -g -O2 -Os -Wall  conftest.c >&5
configure:12341: $? = 0
configure:12368: mips-linux-gcc -c -g -O2 -Os -Wall  conftest.c >&5
conftest.c: In function 'main':
conftest.c:73: error: expected expression before ')' token
configure:12375: $? = 1
configure: failed program was:
| /* confdefs.h.  */
| #define PACKAGE_NAME "libupnp"
| #define PACKAGE_TARNAME "libupnp"
| #define PACKAGE_VERSION "1.6.17"
| #define PACKAGE_STRING "libupnp 1.6.17"
| #define PACKAGE_BUGREPORT "mroberto@users.sourceforge.net"
| #define PACKAGE "libupnp"
| #define VERSION "1.6.17"
| #define UPNP_VERSION_STRING "1.6.17"
| #define UPNP_VERSION_MAJOR 1
| #define UPNP_VERSION_MINOR 6
| #define UPNP_VERSION_PATCH 17
| #define NO_DEBUG 1
| #define NDEBUG 1
| #define UPNP_HAVE_CLIENT 1
| #define UPNP_HAVE_DEVICE 1
| #define UPNP_HAVE_WEBSERVER 1
| #define UPNP_HAVE_SSDP 1
| #define UPNP_HAVE_OPTSSDP 1
| #define UPNP_HAVE_SOAP 1
| #define UPNP_HAVE_GENA 1
| #define UPNP_HAVE_TOOLS 1
| #define UPNP_ENABLE_NOTIFICATION_REORDERING 1
| #define STDC_HEADERS 1
| #define HAVE_SYS_TYPES_H 1
| #define HAVE_SYS_STAT_H 1
| #define HAVE_STDLIB_H 1
| #define HAVE_STRING_H 1
| #define HAVE_MEMORY_H 1
| #define HAVE_STRINGS_H 1
| #define HAVE_INTTYPES_H 1
| #define HAVE_STDINT_H 1
| #define HAVE_UNISTD_H 1
| #define HAVE_DLFCN_H 1
| #define LT_OBJDIR ".libs/"
| /* end confdefs.h.  */
| #include <stdio.h>
| #ifdef HAVE_SYS_TYPES_H
| # include <sys/types.h>
| #endif
| #ifdef HAVE_SYS_STAT_H
| # include <sys/stat.h>
| #endif
| #ifdef STDC_HEADERS
| # include <stdlib.h>
| # include <stddef.h>
| #else
| # ifdef HAVE_STDLIB_H
| #  include <stdlib.h>
| # endif
| #endif
| #ifdef HAVE_STRING_H
| # if !defined STDC_HEADERS && defined HAVE_MEMORY_H
| #  include <memory.h>
| # endif
| # include <string.h>
| #endif
| #ifdef HAVE_STRINGS_H
| # include <strings.h>
| #endif
| #ifdef HAVE_INTTYPES_H
| # include <inttypes.h>
| #endif
| #ifdef HAVE_STDINT_H
| # include <stdint.h>
| #endif
| #ifdef HAVE_UNISTD_H
| # include <unistd.h>
| #endif
| int
| main ()
| {
| if (sizeof ((size_t)))
| 	  return 0;
|   ;
|   return 0;
| }
configure:12398: result: yes
configure:12410: checking for off_t
configure:12438: mips-linux-gcc -c -g -O2 -Os -Wall  conftest.c >&5
configure:12445: $? = 0
configure:12472: mips-linux-gcc -c -g -O2 -Os -Wall  conftest.c >&5
conftest.c: In function 'main':
conftest.c:73: error: expected expression before ')' token
configure:12479: $? = 1
configure: failed program was:
| /* confdefs.h.  */
| #define PACKAGE_NAME "libupnp"
| #define PACKAGE_TARNAME "libupnp"
| #define PACKAGE_VERSION "1.6.17"
| #define PACKAGE_STRING "libupnp 1.6.17"
| #define PACKAGE_BUGREPORT "mroberto@users.sourceforge.net"
| #define PACKAGE "libupnp"
| #define VERSION "1.6.17"
| #define UPNP_VERSION_STRING "1.6.17"
| #define UPNP_VERSION_MAJOR 1
| #define UPNP_VERSION_MINOR 6
| #define UPNP_VERSION_PATCH 17
| #define NO_DEBUG 1
| #define NDEBUG 1
| #define UPNP_HAVE_CLIENT 1
| #define UPNP_HAVE_DEVICE 1
| #define UPNP_HAVE_WEBSERVER 1
| #define UPNP_HAVE_SSDP 1
| #define UPNP_HAVE_OPTSSDP 1
| #define UPNP_HAVE_SOAP 1
| #define UPNP_HAVE_GENA 1
| #define UPNP_HAVE_TOOLS 1
| #define UPNP_ENABLE_NOTIFICATION_REORDERING 1
| #define STDC_HEADERS 1
| #define HAVE_SYS_TYPES_H 1
| #define HAVE_SYS_STAT_H 1
| #define HAVE_STDLIB_H 1
| #define HAVE_STRING_H 1
| #define HAVE_MEMORY_H 1
| #define HAVE_STRINGS_H 1
| #define HAVE_INTTYPES_H 1
| #define HAVE_STDINT_H 1
| #define HAVE_UNISTD_H 1
| #define HAVE_DLFCN_H 1
| #define LT_OBJDIR ".libs/"
| /* end confdefs.h.  */
| #include <stdio.h>
| #ifdef HAVE_SYS_TYPES_H
| # include <sys/types.h>
| #endif
| #ifdef HAVE_SYS_STAT_H
| # include <sys/stat.h>
| #endif
| #ifdef STDC_HEADERS
| # include <stdlib.h>
| # include <stddef.h>
| #else
| # ifdef HAVE_STDLIB_H
| #  include <stdlib.h>
| # endif
| #endif
| #ifdef HAVE_STRING_H
| # if !defined STDC_HEADERS && defined HAVE_MEMORY_H
| #  include <memory.h>
| # endif
| # include <string.h>
| #endif
| #ifdef HAVE_STRINGS_H
| # include <strings.h>
| #endif
| #ifdef HAVE_INTTYPES_H
| # include <inttypes.h>
| #endif
| #ifdef HAVE_STDINT_H
| # include <stdint.h>
| #endif
| #ifdef HAVE_UNISTD_H
| # include <unistd.h>
| #endif
| int
| main ()
| {
| if (sizeof ((off_t)))
| 	  return 0;
|   ;
|   return 0;
| }
configure:12502: result: yes
configure:12529: checking for Win32
configure:12556: mips-linux-gcc -c -g -O2 -Os -Wall  conftest.c >&5
configure:12563: $? = 0
configure:12581: result: no
configure:12589: checking for ANSI C header files
configure:12757: result: yes
configure:12812: checking arpa/inet.h usability
configure:12829: mips-linux-gcc -c -g -O2 -Os -Wall  conftest.c >&5
configure:12836: $? = 0
configure:12850: result: yes
configure:12854: checking arpa/inet.h presence
configure:12869: mips-linux-gcc -E  conftest.c
configure:12876: $? = 0
configure:12890: result: yes
configure:12923: checking for arpa/inet.h
configure:12932: result: yes
configure:12812: checking fcntl.h usability
configure:12829: mips-linux-gcc -c -g -O2 -Os -Wall  conftest.c >&5
configure:12836: $? = 0
configure:12850: result: yes
configure:12854: checking fcntl.h presence
configure:12869: mips-linux-gcc -E  conftest.c
configure:12876: $? = 0
configure:12890: result: yes
configure:12923: checking for fcntl.h
configure:12932: result: yes
configure:12801: checking for inttypes.h
configure:12808: result: yes
configure:12812: checking limits.h usability
configure:12829: mips-linux-gcc -c -g -O2 -Os -Wall  conftest.c >&5
configure:12836: $? = 0
configure:12850: result: yes
configure:12854: checking limits.h presence
configure:12869: mips-linux-gcc -E  conftest.c
configure:12876: $? = 0
configure:12890: result: yes
configure:12923: checking for limits.h
configure:12932: result: yes
configure:12812: checking netdb.h usability
configure:12829: mips-linux-gcc -c -g -O2 -Os -Wall  conftest.c >&5
configure:12836: $? = 0
configure:12850: result: yes
configure:12854: checking netdb.h presence
configure:12869: mips-linux-gcc -E  conftest.c
configure:12876: $? = 0
configure:12890: result: yes
configure:12923: checking for netdb.h
configure:12932: result: yes
configure:12812: checking netinet/in.h usability
configure:12829: mips-linux-gcc -c -g -O2 -Os -Wall  conftest.c >&5
configure:12836: $? = 0
configure:12850: result: yes
configure:12854: checking netinet/in.h presence
configure:12869: mips-linux-gcc -E  conftest.c
configure:12876: $? = 0
configure:12890: result: yes
configure:12923: checking for netinet/in.h
configure:12932: result: yes
configure:12801: checking for stdlib.h
configure:12808: result: yes
configure:12801: checking for string.h
configure:12808: result: yes
configure:12812: checking sys/ioctl.h usability
configure:12829: mips-linux-gcc -c -g -O2 -Os -Wall  conftest.c >&5
configure:12836: $? = 0
configure:12850: result: yes
configure:12854: checking sys/ioctl.h presence
configure:12869: mips-linux-gcc -E  conftest.c
configure:12876: $? = 0
configure:12890: result: yes
configure:12923: checking for sys/ioctl.h
configure:12932: result: yes
configure:12812: checking sys/socket.h usability
configure:12829: mips-linux-gcc -c -g -O2 -Os -Wall  conftest.c >&5
configure:12836: $? = 0
configure:12850: result: yes
configure:12854: checking sys/socket.h presence
configure:12869: mips-linux-gcc -E  conftest.c
configure:12876: $? = 0
configure:12890: result: yes
configure:12923: checking for sys/socket.h
configure:12932: result: yes
configure:12812: checking sys/time.h usability
configure:12829: mips-linux-gcc -c -g -O2 -Os -Wall  conftest.c >&5
configure:12836: $? = 0
configure:12850: result: yes
configure:12854: checking sys/time.h presence
configure:12869: mips-linux-gcc -E  conftest.c
configure:12876: $? = 0
configure:12890: result: yes
configure:12923: checking for sys/time.h
configure:12932: result: yes
configure:12812: checking syslog.h usability
configure:12829: mips-linux-gcc -c -g -O2 -Os -Wall  conftest.c >&5
configure:12836: $? = 0
configure:12850: result: yes
configure:12854: checking syslog.h presence
configure:12869: mips-linux-gcc -E  conftest.c
configure:12876: $? = 0
configure:12890: result: yes
configure:12923: checking for syslog.h
configure:12932: result: yes
configure:12801: checking for unistd.h
configure:12808: result: yes
configure:12957: checking for an ANSI C-conforming const
configure:13032: mips-linux-gcc -c -g -O2 -Os -Wall  conftest.c >&5
conftest.c: In function 'main':
conftest.c:82: warning: 't' is used uninitialized in this function
conftest.c:98: warning: 'b' may be used uninitialized in this function
conftest.c:104: warning: 'cs[0]' is used uninitialized in this function
configure:13039: $? = 0
configure:13054: result: yes
configure:13076: checking for sys/types.h
configure:13083: result: yes
configure:13076: checking for sys/socket.h
configure:13083: result: yes
configure:13087: checking ws2tcpip.h usability
configure:13104: mips-linux-gcc -c -g -O2 -Os -Wall  conftest.c >&5
conftest.c:88:22: error: ws2tcpip.h: No such file or directory
configure:13111: $? = 1
configure: failed program was:
| /* confdefs.h.  */
| #define PACKAGE_NAME "libupnp"
| #define PACKAGE_TARNAME "libupnp"
| #define PACKAGE_VERSION "1.6.17"
| #define PACKAGE_STRING "libupnp 1.6.17"
| #define PACKAGE_BUGREPORT "mroberto@users.sourceforge.net"
| #define PACKAGE "libupnp"
| #define VERSION "1.6.17"
| #define UPNP_VERSION_STRING "1.6.17"
| #define UPNP_VERSION_MAJOR 1
| #define UPNP_VERSION_MINOR 6
| #define UPNP_VERSION_PATCH 17
| #define NO_DEBUG 1
| #define NDEBUG 1
| #define UPNP_HAVE_CLIENT 1
| #define UPNP_HAVE_DEVICE 1
| #define UPNP_HAVE_WEBSERVER 1
| #define UPNP_HAVE_SSDP 1
| #define UPNP_HAVE_OPTSSDP 1
| #define UPNP_HAVE_SOAP 1
| #define UPNP_HAVE_GENA 1
| #define UPNP_HAVE_TOOLS 1
| #define UPNP_ENABLE_NOTIFICATION_REORDERING 1
| #define STDC_HEADERS 1
| #define HAVE_SYS_TYPES_H 1
| #define HAVE_SYS_STAT_H 1
| #define HAVE_STDLIB_H 1
| #define HAVE_STRING_H 1
| #define HAVE_MEMORY_H 1
| #define HAVE_STRINGS_H 1
| #define HAVE_INTTYPES_H 1
| #define HAVE_STDINT_H 1
| #define HAVE_UNISTD_H 1
| #define HAVE_DLFCN_H 1
| #define LT_OBJDIR ".libs/"
| #define _LARGE_FILE_SOURCE /**/
| #define _FILE_OFFSET_BITS 64
| #define STDC_HEADERS 1
| #define HAVE_ARPA_INET_H 1
| #define HAVE_FCNTL_H 1
| #define HAVE_INTTYPES_H 1
| #define HAVE_LIMITS_H 1
| #define HAVE_NETDB_H 1
| #define HAVE_NETINET_IN_H 1
| #define HAVE_STDLIB_H 1
| #define HAVE_STRING_H 1
| #define HAVE_SYS_IOCTL_H 1
| #define HAVE_SYS_SOCKET_H 1
| #define HAVE_SYS_TIME_H 1
| #define HAVE_SYSLOG_H 1
| #define HAVE_UNISTD_H 1
| #define HAVE_SYS_TYPES_H 1
| #define HAVE_SYS_SOCKET_H 1
| /* end confdefs.h.  */
| #include <stdio.h>
| #ifdef HAVE_SYS_TYPES_H
| # include <sys/types.h>
| #endif
| #ifdef HAVE_SYS_STAT_H
| # include <sys/stat.h>
| #endif
| #ifdef STDC_HEADERS
| # include <stdlib.h>
| # include <stddef.h>
| #else
| # ifdef HAVE_STDLIB_H
| #  include <stdlib.h>
| # endif
| #endif
| #ifdef HAVE_STRING_H
| # if !defined STDC_HEADERS && defined HAVE_MEMORY_H
| #  include <memory.h>
| # endif
| # include <string.h>
| #endif
| #ifdef HAVE_STRINGS_H
| # include <strings.h>
| #endif
| #ifdef HAVE_INTTYPES_H
| # include <inttypes.h>
| #endif
| #ifdef HAVE_STDINT_H
| # include <stdint.h>
| #endif
| #ifdef HAVE_UNISTD_H
| # include <unistd.h>
| #endif
| #include <ws2tcpip.h>
configure:13125: result: no
configure:13129: checking ws2tcpip.h presence
configure:13144: mips-linux-gcc -E  conftest.c
conftest.c:55:22: error: ws2tcpip.h: No such file or directory
configure:13151: $? = 1
configure: failed program was:
| /* confdefs.h.  */
| #define PACKAGE_NAME "libupnp"
| #define PACKAGE_TARNAME "libupnp"
| #define PACKAGE_VERSION "1.6.17"
| #define PACKAGE_STRING "libupnp 1.6.17"
| #define PACKAGE_BUGREPORT "mroberto@users.sourceforge.net"
| #define PACKAGE "libupnp"
| #define VERSION "1.6.17"
| #define UPNP_VERSION_STRING "1.6.17"
| #define UPNP_VERSION_MAJOR 1
| #define UPNP_VERSION_MINOR 6
| #define UPNP_VERSION_PATCH 17
| #define NO_DEBUG 1
| #define NDEBUG 1
| #define UPNP_HAVE_CLIENT 1
| #define UPNP_HAVE_DEVICE 1
| #define UPNP_HAVE_WEBSERVER 1
| #define UPNP_HAVE_SSDP 1
| #define UPNP_HAVE_OPTSSDP 1
| #define UPNP_HAVE_SOAP 1
| #define UPNP_HAVE_GENA 1
| #define UPNP_HAVE_TOOLS 1
| #define UPNP_ENABLE_NOTIFICATION_REORDERING 1
| #define STDC_HEADERS 1
| #define HAVE_SYS_TYPES_H 1
| #define HAVE_SYS_STAT_H 1
| #define HAVE_STDLIB_H 1
| #define HAVE_STRING_H 1
| #define HAVE_MEMORY_H 1
| #define HAVE_STRINGS_H 1
| #define HAVE_INTTYPES_H 1
| #define HAVE_STDINT_H 1
| #define HAVE_UNISTD_H 1
| #define HAVE_DLFCN_H 1
| #define LT_OBJDIR ".libs/"
| #define _LARGE_FILE_SOURCE /**/
| #define _FILE_OFFSET_BITS 64
| #define STDC_HEADERS 1
| #define HAVE_ARPA_INET_H 1
| #define HAVE_FCNTL_H 1
| #define HAVE_INTTYPES_H 1
| #define HAVE_LIMITS_H 1
| #define HAVE_NETDB_H 1
| #define HAVE_NETINET_IN_H 1
| #define HAVE_STDLIB_H 1
| #define HAVE_STRING_H 1
| #define HAVE_SYS_IOCTL_H 1
| #define HAVE_SYS_SOCKET_H 1
| #define HAVE_SYS_TIME_H 1
| #define HAVE_SYSLOG_H 1
| #define HAVE_UNISTD_H 1
| #define HAVE_SYS_TYPES_H 1
| #define HAVE_SYS_SOCKET_H 1
| /* end confdefs.h.  */
| #include <ws2tcpip.h>
configure:13165: result: no
configure:13198: checking for ws2tcpip.h
configure:13207: result: no
configure:13222: checking for socklen_t
configure:13256: mips-linux-gcc -c -g -O2 -Os -Wall  conftest.c >&5
configure:13263: $? = 0
configure:13278: result: yes
configure:13298: checking for vprintf
configure:13354: mips-linux-gcc -o conftest -g -O2 -Os -Wall   conftest.c  >&5
conftest.c:78: warning: conflicting types for built-in function 'vprintf'
configure:13361: $? = 0
configure:13383: result: yes
configure:13392: checking for _doprnt
configure:13448: mips-linux-gcc -o conftest -g -O2 -Os -Wall   conftest.c  >&5
/tmp/cc0dcYnf.o: In function `main':
/root/pisen/svn/WPR003N/apps/dmr/mrender/libupnp-1.6.17/conftest.c:90: undefined reference to `_doprnt'
collect2: ld returned 1 exit status
configure:13455: $? = 1
configure: failed program was:
| /* confdefs.h.  */
| #define PACKAGE_NAME "libupnp"
| #define PACKAGE_TARNAME "libupnp"
| #define PACKAGE_VERSION "1.6.17"
| #define PACKAGE_STRING "libupnp 1.6.17"
| #define PACKAGE_BUGREPORT "mroberto@users.sourceforge.net"
| #define PACKAGE "libupnp"
| #define VERSION "1.6.17"
| #define UPNP_VERSION_STRING "1.6.17"
| #define UPNP_VERSION_MAJOR 1
| #define UPNP_VERSION_MINOR 6
| #define UPNP_VERSION_PATCH 17
| #define NO_DEBUG 1
| #define NDEBUG 1
| #define UPNP_HAVE_CLIENT 1
| #define UPNP_HAVE_DEVICE 1
| #define UPNP_HAVE_WEBSERVER 1
| #define UPNP_HAVE_SSDP 1
| #define UPNP_HAVE_OPTSSDP 1
| #define UPNP_HAVE_SOAP 1
| #define UPNP_HAVE_GENA 1
| #define UPNP_HAVE_TOOLS 1
| #define UPNP_ENABLE_NOTIFICATION_REORDERING 1
| #define STDC_HEADERS 1
| #define HAVE_SYS_TYPES_H 1
| #define HAVE_SYS_STAT_H 1
| #define HAVE_STDLIB_H 1
| #define HAVE_STRING_H 1
| #define HAVE_MEMORY_H 1
| #define HAVE_STRINGS_H 1
| #define HAVE_INTTYPES_H 1
| #define HAVE_STDINT_H 1
| #define HAVE_UNISTD_H 1
| #define HAVE_DLFCN_H 1
| #define LT_OBJDIR ".libs/"
| #define _LARGE_FILE_SOURCE /**/
| #define _FILE_OFFSET_BITS 64
| #define STDC_HEADERS 1
| #define HAVE_ARPA_INET_H 1
| #define HAVE_FCNTL_H 1
| #define HAVE_INTTYPES_H 1
| #define HAVE_LIMITS_H 1
| #define HAVE_NETDB_H 1
| #define HAVE_NETINET_IN_H 1
| #define HAVE_STDLIB_H 1
| #define HAVE_STRING_H 1
| #define HAVE_SYS_IOCTL_H 1
| #define HAVE_SYS_SOCKET_H 1
| #define HAVE_SYS_TIME_H 1
| #define HAVE_SYSLOG_H 1
| #define HAVE_UNISTD_H 1
| #define HAVE_SYS_TYPES_H 1
| #define HAVE_SYS_SOCKET_H 1
| #define HAVE_VPRINTF 1
| /* end confdefs.h.  */
| /* Define _doprnt to an innocuous variant, in case <limits.h> declares _doprnt.
|    For example, HP-UX 11i <limits.h> declares gettimeofday.  */
| #define _doprnt innocuous__doprnt
| 
| /* System header to define __stub macros and hopefully few prototypes,
|     which can conflict with char _doprnt (); below.
|     Prefer <limits.h> to <assert.h> if __STDC__ is defined, since
|     <limits.h> exists even on freestanding compilers.  */
| 
| #ifdef __STDC__
| # include <limits.h>
| #else
| # include <assert.h>
| #endif
| 
| #undef _doprnt
| 
| /* Override any GCC internal prototype to avoid an error.
|    Use char because int might match the return type of a GCC
|    builtin and then its argument prototype would still apply.  */
| #ifdef __cplusplus
| extern "C"
| #endif
| char _doprnt ();
| /* The GNU C library defines this for functions which it implements
|     to always fail with ENOSYS.  Some functions are actually named
|     something starting with __ and the normal name is an alias.  */
| #if defined __stub__doprnt || defined __stub____doprnt
| choke me
| #endif
| 
| int
| main ()
| {
| return _doprnt ();
|   ;
|   return 0;
| }
configure:13475: result: no
configure:13489: checking for _LARGEFILE_SOURCE value needed for large files
configure:13518: mips-linux-gcc -o conftest -g -O2 -Os -Wall   conftest.c  >&5
conftest.c: In function 'main':
conftest.c:61: error: 'fseeko' undeclared (first use in this function)
conftest.c:61: error: (Each undeclared identifier is reported only once
conftest.c:61: error: for each function it appears in.)
conftest.c:62: warning: implicit declaration of function 'fseeko'
configure:13525: $? = 1
configure: failed program was:
| /* confdefs.h.  */
| #define PACKAGE_NAME "libupnp"
| #define PACKAGE_TARNAME "libupnp"
| #define PACKAGE_VERSION "1.6.17"
| #define PACKAGE_STRING "libupnp 1.6.17"
| #define PACKAGE_BUGREPORT "mroberto@users.sourceforge.net"
| #define PACKAGE "libupnp"
| #define VERSION "1.6.17"
| #define UPNP_VERSION_STRING "1.6.17"
| #define UPNP_VERSION_MAJOR 1
| #define UPNP_VERSION_MINOR 6
| #define UPNP_VERSION_PATCH 17
| #define NO_DEBUG 1
| #define NDEBUG 1
| #define UPNP_HAVE_CLIENT 1
| #define UPNP_HAVE_DEVICE 1
| #define UPNP_HAVE_WEBSERVER 1
| #define UPNP_HAVE_SSDP 1
| #define UPNP_HAVE_OPTSSDP 1
| #define UPNP_HAVE_SOAP 1
| #define UPNP_HAVE_GENA 1
| #define UPNP_HAVE_TOOLS 1
| #define UPNP_ENABLE_NOTIFICATION_REORDERING 1
| #define STDC_HEADERS 1
| #define HAVE_SYS_TYPES_H 1
| #define HAVE_SYS_STAT_H 1
| #define HAVE_STDLIB_H 1
| #define HAVE_STRING_H 1
| #define HAVE_MEMORY_H 1
| #define HAVE_STRINGS_H 1
| #define HAVE_INTTYPES_H 1
| #define HAVE_STDINT_H 1
| #define HAVE_UNISTD_H 1
| #define HAVE_DLFCN_H 1
| #define LT_OBJDIR ".libs/"
| #define _LARGE_FILE_SOURCE /**/
| #define _FILE_OFFSET_BITS 64
| #define STDC_HEADERS 1
| #define HAVE_ARPA_INET_H 1
| #define HAVE_FCNTL_H 1
| #define HAVE_INTTYPES_H 1
| #define HAVE_LIMITS_H 1
| #define HAVE_NETDB_H 1
| #define HAVE_NETINET_IN_H 1
| #define HAVE_STDLIB_H 1
| #define HAVE_STRING_H 1
| #define HAVE_SYS_IOCTL_H 1
| #define HAVE_SYS_SOCKET_H 1
| #define HAVE_SYS_TIME_H 1
| #define HAVE_SYSLOG_H 1
| #define HAVE_UNISTD_H 1
| #define HAVE_SYS_TYPES_H 1
| #define HAVE_SYS_SOCKET_H 1
| #define HAVE_VPRINTF 1
| /* end confdefs.h.  */
| #include <sys/types.h> /* for off_t */
|      #include <stdio.h>
| int
| main ()
| {
| int (*fp) (FILE *, off_t, int) = fseeko;
|      return fseeko (stdin, 0, 0) && fp (stdin, 0, 0);
|   ;
|   return 0;
| }
configure:13568: mips-linux-gcc -o conftest -g -O2 -Os -Wall   conftest.c  >&5
configure:13575: $? = 0
configure:13598: result: 1
configure:13621: checking for strnlen
configure:13677: mips-linux-gcc -o conftest -g -O2 -Os -Wall   conftest.c  >&5
configure:13684: $? = 0
configure:13704: result: yes
configure:13714: checking for strndup
configure:13770: mips-linux-gcc -o conftest -g -O2 -Os -Wall   conftest.c  >&5
conftest.c:82: warning: conflicting types for built-in function 'strndup'
configure:13777: $? = 0
configure:13797: result: yes
configure:13809: checking for library containing bind
configure:13850: mips-linux-gcc -o conftest -g -O2 -Os -Wall   conftest.c  >&5
configure:13857: $? = 0
configure:13888: result: none required
configure:13896: checking for library containing gethostbyname
configure:13937: mips-linux-gcc -o conftest -g -O2 -Os -Wall   conftest.c  >&5
configure:13944: $? = 0
configure:13975: result: none required
configure:13983: checking for library containing sched_getparam
configure:14024: mips-linux-gcc -o conftest -g -O2 -Os -Wall   conftest.c  >&5
configure:14031: $? = 0
configure:14062: result: none required
configure:14272: checking for the pthreads library -lpthreads
configure:14315: mips-linux-gcc -o conftest -g -O2 -Os -Wall    conftest.c -lpthreads  >&5
conftest.c: In function 'main':
conftest.c:64: warning: 'th' is used uninitialized in this function
/root/pisen/svn/WPR003N/build/gcc-4.3.3/build_mips/staging_dir/usr/bin-ccache/../lib/gcc/mips-linux-uclibc/4.3.3/../../../../mips-linux-uclibc/bin/ld: cannot find -lpthreads
collect2: ld returned 1 exit status
configure:14322: $? = 1
configure: failed program was:
| /* confdefs.h.  */
| #define PACKAGE_NAME "libupnp"
| #define PACKAGE_TARNAME "libupnp"
| #define PACKAGE_VERSION "1.6.17"
| #define PACKAGE_STRING "libupnp 1.6.17"
| #define PACKAGE_BUGREPORT "mroberto@users.sourceforge.net"
| #define PACKAGE "libupnp"
| #define VERSION "1.6.17"
| #define UPNP_VERSION_STRING "1.6.17"
| #define UPNP_VERSION_MAJOR 1
| #define UPNP_VERSION_MINOR 6
| #define UPNP_VERSION_PATCH 17
| #define NO_DEBUG 1
| #define NDEBUG 1
| #define UPNP_HAVE_CLIENT 1
| #define UPNP_HAVE_DEVICE 1
| #define UPNP_HAVE_WEBSERVER 1
| #define UPNP_HAVE_SSDP 1
| #define UPNP_HAVE_OPTSSDP 1
| #define UPNP_HAVE_SOAP 1
| #define UPNP_HAVE_GENA 1
| #define UPNP_HAVE_TOOLS 1
| #define UPNP_ENABLE_NOTIFICATION_REORDERING 1
| #define STDC_HEADERS 1
| #define HAVE_SYS_TYPES_H 1
| #define HAVE_SYS_STAT_H 1
| #define HAVE_STDLIB_H 1
| #define HAVE_STRING_H 1
| #define HAVE_MEMORY_H 1
| #define HAVE_STRINGS_H 1
| #define HAVE_INTTYPES_H 1
| #define HAVE_STDINT_H 1
| #define HAVE_UNISTD_H 1
| #define HAVE_DLFCN_H 1
| #define LT_OBJDIR ".libs/"
| #define _LARGE_FILE_SOURCE /**/
| #define _FILE_OFFSET_BITS 64
| #define STDC_HEADERS 1
| #define HAVE_ARPA_INET_H 1
| #define HAVE_FCNTL_H 1
| #define HAVE_INTTYPES_H 1
| #define HAVE_LIMITS_H 1
| #define HAVE_NETDB_H 1
| #define HAVE_NETINET_IN_H 1
| #define HAVE_STDLIB_H 1
| #define HAVE_STRING_H 1
| #define HAVE_SYS_IOCTL_H 1
| #define HAVE_SYS_SOCKET_H 1
| #define HAVE_SYS_TIME_H 1
| #define HAVE_SYSLOG_H 1
| #define HAVE_UNISTD_H 1
| #define HAVE_SYS_TYPES_H 1
| #define HAVE_SYS_SOCKET_H 1
| #define HAVE_VPRINTF 1
| #define _LARGEFILE_SOURCE 1
| #define HAVE_FSEEKO 1
| #define HAVE_STRNLEN 1
| #define HAVE_STRNDUP 1
| /* end confdefs.h.  */
| #include <pthread.h>
| int
| main ()
| {
| pthread_t th; pthread_join(th, 0);
|                      pthread_attr_init(0); pthread_cleanup_push(0, 0);
|                      pthread_create(0,0,0,0); pthread_cleanup_pop(0);
|   ;
|   return 0;
| }
configure:14345: result: no
configure:14217: checking whether pthreads work without any flags
configure:14315: mips-linux-gcc -o conftest -g -O2 -Os -Wall    conftest.c   >&5
conftest.c: In function 'main':
conftest.c:64: warning: 'th' is used uninitialized in this function
/tmp/cchqS7Jp.o: In function `main':
/root/pisen/svn/WPR003N/apps/dmr/mrender/libupnp-1.6.17/conftest.c:64: undefined reference to `pthread_join'
/root/pisen/svn/WPR003N/apps/dmr/mrender/libupnp-1.6.17/conftest.c:66: undefined reference to `pthread_create'
collect2: ld returned 1 exit status
configure:14322: $? = 1
configure: failed program was:
| /* confdefs.h.  */
| #define PACKAGE_NAME "libupnp"
| #define PACKAGE_TARNAME "libupnp"
| #define PACKAGE_VERSION "1.6.17"
| #define PACKAGE_STRING "libupnp 1.6.17"
| #define PACKAGE_BUGREPORT "mroberto@users.sourceforge.net"
| #define PACKAGE "libupnp"
| #define VERSION "1.6.17"
| #define UPNP_VERSION_STRING "1.6.17"
| #define UPNP_VERSION_MAJOR 1
| #define UPNP_VERSION_MINOR 6
| #define UPNP_VERSION_PATCH 17
| #define NO_DEBUG 1
| #define NDEBUG 1
| #define UPNP_HAVE_CLIENT 1
| #define UPNP_HAVE_DEVICE 1
| #define UPNP_HAVE_WEBSERVER 1
| #define UPNP_HAVE_SSDP 1
| #define UPNP_HAVE_OPTSSDP 1
| #define UPNP_HAVE_SOAP 1
| #define UPNP_HAVE_GENA 1
| #define UPNP_HAVE_TOOLS 1
| #define UPNP_ENABLE_NOTIFICATION_REORDERING 1
| #define STDC_HEADERS 1
| #define HAVE_SYS_TYPES_H 1
| #define HAVE_SYS_STAT_H 1
| #define HAVE_STDLIB_H 1
| #define HAVE_STRING_H 1
| #define HAVE_MEMORY_H 1
| #define HAVE_STRINGS_H 1
| #define HAVE_INTTYPES_H 1
| #define HAVE_STDINT_H 1
| #define HAVE_UNISTD_H 1
| #define HAVE_DLFCN_H 1
| #define LT_OBJDIR ".libs/"
| #define _LARGE_FILE_SOURCE /**/
| #define _FILE_OFFSET_BITS 64
| #define STDC_HEADERS 1
| #define HAVE_ARPA_INET_H 1
| #define HAVE_FCNTL_H 1
| #define HAVE_INTTYPES_H 1
| #define HAVE_LIMITS_H 1
| #define HAVE_NETDB_H 1
| #define HAVE_NETINET_IN_H 1
| #define HAVE_STDLIB_H 1
| #define HAVE_STRING_H 1
| #define HAVE_SYS_IOCTL_H 1
| #define HAVE_SYS_SOCKET_H 1
| #define HAVE_SYS_TIME_H 1
| #define HAVE_SYSLOG_H 1
| #define HAVE_UNISTD_H 1
| #define HAVE_SYS_TYPES_H 1
| #define HAVE_SYS_SOCKET_H 1
| #define HAVE_VPRINTF 1
| #define _LARGEFILE_SOURCE 1
| #define HAVE_FSEEKO 1
| #define HAVE_STRNLEN 1
| #define HAVE_STRNDUP 1
| /* end confdefs.h.  */
| #include <pthread.h>
| int
| main ()
| {
| pthread_t th; pthread_join(th, 0);
|                      pthread_attr_init(0); pthread_cleanup_push(0, 0);
|                      pthread_create(0,0,0,0); pthread_cleanup_pop(0);
|   ;
|   return 0;
| }
configure:14345: result: no
configure:14222: checking whether pthreads work with -Kthread
configure:14315: mips-linux-gcc -o conftest -g -O2 -Os -Wall -Kthread   conftest.c   >&5
mips-linux-gcc: unrecognized option '-Kthread'
conftest.c: In function 'main':
conftest.c:64: warning: 'th' is used uninitialized in this function
/tmp/ccaIVIvt.o: In function `main':
/root/pisen/svn/WPR003N/apps/dmr/mrender/libupnp-1.6.17/conftest.c:64: undefined reference to `pthread_join'
/root/pisen/svn/WPR003N/apps/dmr/mrender/libupnp-1.6.17/conftest.c:66: undefined reference to `pthread_create'
collect2: ld returned 1 exit status
configure:14322: $? = 1
configure: failed program was:
| /* confdefs.h.  */
| #define PACKAGE_NAME "libupnp"
| #define PACKAGE_TARNAME "libupnp"
| #define PACKAGE_VERSION "1.6.17"
| #define PACKAGE_STRING "libupnp 1.6.17"
| #define PACKAGE_BUGREPORT "mroberto@users.sourceforge.net"
| #define PACKAGE "libupnp"
| #define VERSION "1.6.17"
| #define UPNP_VERSION_STRING "1.6.17"
| #define UPNP_VERSION_MAJOR 1
| #define UPNP_VERSION_MINOR 6
| #define UPNP_VERSION_PATCH 17
| #define NO_DEBUG 1
| #define NDEBUG 1
| #define UPNP_HAVE_CLIENT 1
| #define UPNP_HAVE_DEVICE 1
| #define UPNP_HAVE_WEBSERVER 1
| #define UPNP_HAVE_SSDP 1
| #define UPNP_HAVE_OPTSSDP 1
| #define UPNP_HAVE_SOAP 1
| #define UPNP_HAVE_GENA 1
| #define UPNP_HAVE_TOOLS 1
| #define UPNP_ENABLE_NOTIFICATION_REORDERING 1
| #define STDC_HEADERS 1
| #define HAVE_SYS_TYPES_H 1
| #define HAVE_SYS_STAT_H 1
| #define HAVE_STDLIB_H 1
| #define HAVE_STRING_H 1
| #define HAVE_MEMORY_H 1
| #define HAVE_STRINGS_H 1
| #define HAVE_INTTYPES_H 1
| #define HAVE_STDINT_H 1
| #define HAVE_UNISTD_H 1
| #define HAVE_DLFCN_H 1
| #define LT_OBJDIR ".libs/"
| #define _LARGE_FILE_SOURCE /**/
| #define _FILE_OFFSET_BITS 64
| #define STDC_HEADERS 1
| #define HAVE_ARPA_INET_H 1
| #define HAVE_FCNTL_H 1
| #define HAVE_INTTYPES_H 1
| #define HAVE_LIMITS_H 1
| #define HAVE_NETDB_H 1
| #define HAVE_NETINET_IN_H 1
| #define HAVE_STDLIB_H 1
| #define HAVE_STRING_H 1
| #define HAVE_SYS_IOCTL_H 1
| #define HAVE_SYS_SOCKET_H 1
| #define HAVE_SYS_TIME_H 1
| #define HAVE_SYSLOG_H 1
| #define HAVE_UNISTD_H 1
| #define HAVE_SYS_TYPES_H 1
| #define HAVE_SYS_SOCKET_H 1
| #define HAVE_VPRINTF 1
| #define _LARGEFILE_SOURCE 1
| #define HAVE_FSEEKO 1
| #define HAVE_STRNLEN 1
| #define HAVE_STRNDUP 1
| /* end confdefs.h.  */
| #include <pthread.h>
| int
| main ()
| {
| pthread_t th; pthread_join(th, 0);
|                      pthread_attr_init(0); pthread_cleanup_push(0, 0);
|                      pthread_create(0,0,0,0); pthread_cleanup_pop(0);
|   ;
|   return 0;
| }
configure:14345: result: no
configure:14222: checking whether pthreads work with -kthread
configure:14315: mips-linux-gcc -o conftest -g -O2 -Os -Wall -kthread   conftest.c   >&5
mips-linux-gcc: unrecognized option '-kthread'
conftest.c: In function 'main':
conftest.c:64: warning: 'th' is used uninitialized in this function
/tmp/ccnKYDLv.o: In function `main':
/root/pisen/svn/WPR003N/apps/dmr/mrender/libupnp-1.6.17/conftest.c:64: undefined reference to `pthread_join'
/root/pisen/svn/WPR003N/apps/dmr/mrender/libupnp-1.6.17/conftest.c:66: undefined reference to `pthread_create'
collect2: ld returned 1 exit status
configure:14322: $? = 1
configure: failed program was:
| /* confdefs.h.  */
| #define PACKAGE_NAME "libupnp"
| #define PACKAGE_TARNAME "libupnp"
| #define PACKAGE_VERSION "1.6.17"
| #define PACKAGE_STRING "libupnp 1.6.17"
| #define PACKAGE_BUGREPORT "mroberto@users.sourceforge.net"
| #define PACKAGE "libupnp"
| #define VERSION "1.6.17"
| #define UPNP_VERSION_STRING "1.6.17"
| #define UPNP_VERSION_MAJOR 1
| #define UPNP_VERSION_MINOR 6
| #define UPNP_VERSION_PATCH 17
| #define NO_DEBUG 1
| #define NDEBUG 1
| #define UPNP_HAVE_CLIENT 1
| #define UPNP_HAVE_DEVICE 1
| #define UPNP_HAVE_WEBSERVER 1
| #define UPNP_HAVE_SSDP 1
| #define UPNP_HAVE_OPTSSDP 1
| #define UPNP_HAVE_SOAP 1
| #define UPNP_HAVE_GENA 1
| #define UPNP_HAVE_TOOLS 1
| #define UPNP_ENABLE_NOTIFICATION_REORDERING 1
| #define STDC_HEADERS 1
| #define HAVE_SYS_TYPES_H 1
| #define HAVE_SYS_STAT_H 1
| #define HAVE_STDLIB_H 1
| #define HAVE_STRING_H 1
| #define HAVE_MEMORY_H 1
| #define HAVE_STRINGS_H 1
| #define HAVE_INTTYPES_H 1
| #define HAVE_STDINT_H 1
| #define HAVE_UNISTD_H 1
| #define HAVE_DLFCN_H 1
| #define LT_OBJDIR ".libs/"
| #define _LARGE_FILE_SOURCE /**/
| #define _FILE_OFFSET_BITS 64
| #define STDC_HEADERS 1
| #define HAVE_ARPA_INET_H 1
| #define HAVE_FCNTL_H 1
| #define HAVE_INTTYPES_H 1
| #define HAVE_LIMITS_H 1
| #define HAVE_NETDB_H 1
| #define HAVE_NETINET_IN_H 1
| #define HAVE_STDLIB_H 1
| #define HAVE_STRING_H 1
| #define HAVE_SYS_IOCTL_H 1
| #define HAVE_SYS_SOCKET_H 1
| #define HAVE_SYS_TIME_H 1
| #define HAVE_SYSLOG_H 1
| #define HAVE_UNISTD_H 1
| #define HAVE_SYS_TYPES_H 1
| #define HAVE_SYS_SOCKET_H 1
| #define HAVE_VPRINTF 1
| #define _LARGEFILE_SOURCE 1
| #define HAVE_FSEEKO 1
| #define HAVE_STRNLEN 1
| #define HAVE_STRNDUP 1
| /* end confdefs.h.  */
| #include <pthread.h>
| int
| main ()
| {
| pthread_t th; pthread_join(th, 0);
|                      pthread_attr_init(0); pthread_cleanup_push(0, 0);
|                      pthread_create(0,0,0,0); pthread_cleanup_pop(0);
|   ;
|   return 0;
| }
configure:14345: result: no
configure:14272: checking for the pthreads library -llthread
configure:14315: mips-linux-gcc -o conftest -g -O2 -Os -Wall    conftest.c -llthread  >&5
conftest.c: In function 'main':
conftest.c:64: warning: 'th' is used uninitialized in this function
/root/pisen/svn/WPR003N/build/gcc-4.3.3/build_mips/staging_dir/usr/bin-ccache/../lib/gcc/mips-linux-uclibc/4.3.3/../../../../mips-linux-uclibc/bin/ld: cannot find -llthread
collect2: ld returned 1 exit status
configure:14322: $? = 1
configure: failed program was:
| /* confdefs.h.  */
| #define PACKAGE_NAME "libupnp"
| #define PACKAGE_TARNAME "libupnp"
| #define PACKAGE_VERSION "1.6.17"
| #define PACKAGE_STRING "libupnp 1.6.17"
| #define PACKAGE_BUGREPORT "mroberto@users.sourceforge.net"
| #define PACKAGE "libupnp"
| #define VERSION "1.6.17"
| #define UPNP_VERSION_STRING "1.6.17"
| #define UPNP_VERSION_MAJOR 1
| #define UPNP_VERSION_MINOR 6
| #define UPNP_VERSION_PATCH 17
| #define NO_DEBUG 1
| #define NDEBUG 1
| #define UPNP_HAVE_CLIENT 1
| #define UPNP_HAVE_DEVICE 1
| #define UPNP_HAVE_WEBSERVER 1
| #define UPNP_HAVE_SSDP 1
| #define UPNP_HAVE_OPTSSDP 1
| #define UPNP_HAVE_SOAP 1
| #define UPNP_HAVE_GENA 1
| #define UPNP_HAVE_TOOLS 1
| #define UPNP_ENABLE_NOTIFICATION_REORDERING 1
| #define STDC_HEADERS 1
| #define HAVE_SYS_TYPES_H 1
| #define HAVE_SYS_STAT_H 1
| #define HAVE_STDLIB_H 1
| #define HAVE_STRING_H 1
| #define HAVE_MEMORY_H 1
| #define HAVE_STRINGS_H 1
| #define HAVE_INTTYPES_H 1
| #define HAVE_STDINT_H 1
| #define HAVE_UNISTD_H 1
| #define HAVE_DLFCN_H 1
| #define LT_OBJDIR ".libs/"
| #define _LARGE_FILE_SOURCE /**/
| #define _FILE_OFFSET_BITS 64
| #define STDC_HEADERS 1
| #define HAVE_ARPA_INET_H 1
| #define HAVE_FCNTL_H 1
| #define HAVE_INTTYPES_H 1
| #define HAVE_LIMITS_H 1
| #define HAVE_NETDB_H 1
| #define HAVE_NETINET_IN_H 1
| #define HAVE_STDLIB_H 1
| #define HAVE_STRING_H 1
| #define HAVE_SYS_IOCTL_H 1
| #define HAVE_SYS_SOCKET_H 1
| #define HAVE_SYS_TIME_H 1
| #define HAVE_SYSLOG_H 1
| #define HAVE_UNISTD_H 1
| #define HAVE_SYS_TYPES_H 1
| #define HAVE_SYS_SOCKET_H 1
| #define HAVE_VPRINTF 1
| #define _LARGEFILE_SOURCE 1
| #define HAVE_FSEEKO 1
| #define HAVE_STRNLEN 1
| #define HAVE_STRNDUP 1
| /* end confdefs.h.  */
| #include <pthread.h>
| int
| main ()
| {
| pthread_t th; pthread_join(th, 0);
|                      pthread_attr_init(0); pthread_cleanup_push(0, 0);
|                      pthread_create(0,0,0,0); pthread_cleanup_pop(0);
|   ;
|   return 0;
| }
configure:14345: result: no
configure:14222: checking whether pthreads work with -pthread
configure:14315: mips-linux-gcc -o conftest -g -O2 -Os -Wall -pthread   conftest.c   >&5
conftest.c: In function 'main':
conftest.c:64: warning: 'th' is used uninitialized in this function
configure:14322: $? = 0
configure:14345: result: yes
configure:14364: checking for joinable pthread attribute
configure:14389: mips-linux-gcc -o conftest -g -O2 -Os -Wall -pthread   conftest.c   >&5
configure:14396: $? = 0
configure:14416: result: PTHREAD_CREATE_JOINABLE
configure:14426: checking if more special flags are required for pthreads
configure:14433: result: no
configure:14529: checking if pthread_rwlock_t is available
configure:14558: mips-linux-gcc -c -pthread -g -O2 -Os -Wall  conftest.c >&5
conftest.c: In function 'main':
conftest.c:65: error: 'pthread_rwlock_t' undeclared (first use in this function)
conftest.c:65: error: (Each undeclared identifier is reported only once
conftest.c:65: error: for each function it appears in.)
conftest.c:65: error: 'x' undeclared (first use in this function)
configure:14565: $? = 1
configure: failed program was:
| /* confdefs.h.  */
| #define PACKAGE_NAME "libupnp"
| #define PACKAGE_TARNAME "libupnp"
| #define PACKAGE_VERSION "1.6.17"
| #define PACKAGE_STRING "libupnp 1.6.17"
| #define PACKAGE_BUGREPORT "mroberto@users.sourceforge.net"
| #define PACKAGE "libupnp"
| #define VERSION "1.6.17"
| #define UPNP_VERSION_STRING "1.6.17"
| #define UPNP_VERSION_MAJOR 1
| #define UPNP_VERSION_MINOR 6
| #define UPNP_VERSION_PATCH 17
| #define NO_DEBUG 1
| #define NDEBUG 1
| #define UPNP_HAVE_CLIENT 1
| #define UPNP_HAVE_DEVICE 1
| #define UPNP_HAVE_WEBSERVER 1
| #define UPNP_HAVE_SSDP 1
| #define UPNP_HAVE_OPTSSDP 1
| #define UPNP_HAVE_SOAP 1
| #define UPNP_HAVE_GENA 1
| #define UPNP_HAVE_TOOLS 1
| #define UPNP_ENABLE_NOTIFICATION_REORDERING 1
| #define STDC_HEADERS 1
| #define HAVE_SYS_TYPES_H 1
| #define HAVE_SYS_STAT_H 1
| #define HAVE_STDLIB_H 1
| #define HAVE_STRING_H 1
| #define HAVE_MEMORY_H 1
| #define HAVE_STRINGS_H 1
| #define HAVE_INTTYPES_H 1
| #define HAVE_STDINT_H 1
| #define HAVE_UNISTD_H 1
| #define HAVE_DLFCN_H 1
| #define LT_OBJDIR ".libs/"
| #define _LARGE_FILE_SOURCE /**/
| #define _FILE_OFFSET_BITS 64
| #define STDC_HEADERS 1
| #define HAVE_ARPA_INET_H 1
| #define HAVE_FCNTL_H 1
| #define HAVE_INTTYPES_H 1
| #define HAVE_LIMITS_H 1
| #define HAVE_NETDB_H 1
| #define HAVE_NETINET_IN_H 1
| #define HAVE_STDLIB_H 1
| #define HAVE_STRING_H 1
| #define HAVE_SYS_IOCTL_H 1
| #define HAVE_SYS_SOCKET_H 1
| #define HAVE_SYS_TIME_H 1
| #define HAVE_SYSLOG_H 1
| #define HAVE_UNISTD_H 1
| #define HAVE_SYS_TYPES_H 1
| #define HAVE_SYS_SOCKET_H 1
| #define HAVE_VPRINTF 1
| #define _LARGEFILE_SOURCE 1
| #define HAVE_FSEEKO 1
| #define HAVE_STRNLEN 1
| #define HAVE_STRNDUP 1
| #define HAVE_PTHREAD 1
| /* end confdefs.h.  */
| #include <pthread.h>
| int
| main ()
| {
| pthread_rwlock_t *x;
|   ;
|   return 0;
| }
configure:14603: mips-linux-gcc -c -pthread -g -O2 -Os -Wall  conftest.c >&5
conftest.c: In function 'main':
conftest.c:66: warning: unused variable 'x'
configure:14610: $? = 0
configure:14621: result: yes, definition of _GNU_SOURCE required
configure:14893: creating ./config.status

## ---------------------- ##
## Running config.status. ##
## ---------------------- ##

This file was extended by libupnp config.status 1.6.17, which was
generated by GNU Autoconf 2.63.  Invocation command line was

  CONFIG_FILES    = 
  CONFIG_HEADERS  = 
  CONFIG_LINKS    = 
  CONFIG_COMMANDS = 
  $ ./config.status 

on zxl.pisen

config.status:1071: creating Makefile
config.status:1071: creating ixml/Makefile
config.status:1071: creating ixml/doc/Makefile
config.status:1071: creating threadutil/Makefile
config.status:1071: creating upnp/Makefile
config.status:1071: creating upnp/doc/Makefile
config.status:1071: creating upnp/sample/Makefile
config.status:1071: creating docs/dist/Makefile
config.status:1071: creating libupnp.pc
config.status:1071: creating autoconfig.h
config.status:1293: autoconfig.h is unchanged
config.status:1071: creating upnp/inc/upnpconfig.h
config.status:1293: upnp/inc/upnpconfig.h is unchanged
config.status:1345: executing depfiles commands
config.status:1345: executing libtool commands

## ---------------- ##
## Cache variables. ##
## ---------------- ##

ac_cv_build=i686-pc-linux-gnu
ac_cv_c_compiler_gnu=yes
ac_cv_c_const=yes
ac_cv_cflags_gcc_option__Os=-Os
ac_cv_cflags_warn_all=-Wall
ac_cv_env_CC_set=
ac_cv_env_CC_value=
ac_cv_env_CFLAGS_set=
ac_cv_env_CFLAGS_value=
ac_cv_env_CPPFLAGS_set=
ac_cv_env_CPPFLAGS_value=
ac_cv_env_CPP_set=
ac_cv_env_CPP_value=
ac_cv_env_LDFLAGS_set=
ac_cv_env_LDFLAGS_value=
ac_cv_env_LIBS_set=
ac_cv_env_LIBS_value=
ac_cv_env_build_alias_set=set
ac_cv_env_build_alias_value=i686-linux
ac_cv_env_host_alias_set=set
ac_cv_env_host_alias_value=mips-linux
ac_cv_env_target_alias_set=
ac_cv_env_target_alias_value=
ac_cv_func__doprnt=no
ac_cv_func_strndup=yes
ac_cv_func_strnlen=yes
ac_cv_func_vprintf=yes
ac_cv_header_arpa_inet_h=yes
ac_cv_header_dlfcn_h=yes
ac_cv_header_fcntl_h=yes
ac_cv_header_inttypes_h=yes
ac_cv_header_limits_h=yes
ac_cv_header_memory_h=yes
ac_cv_header_netdb_h=yes
ac_cv_header_netinet_in_h=yes
ac_cv_header_stdc=yes
ac_cv_header_stdint_h=yes
ac_cv_header_stdlib_h=yes
ac_cv_header_string_h=yes
ac_cv_header_strings_h=yes
ac_cv_header_sys_ioctl_h=yes
ac_cv_header_sys_socket_h=yes
ac_cv_header_sys_stat_h=yes
ac_cv_header_sys_time_h=yes
ac_cv_header_sys_types_h=yes
ac_cv_header_syslog_h=yes
ac_cv_header_unistd_h=yes
ac_cv_header_ws2tcpip_h=no
ac_cv_host=mips-unknown-linux-gnu
ac_cv_objext=o
ac_cv_path_EGREP='/bin/grep -E'
ac_cv_path_FGREP='/bin/grep -F'
ac_cv_path_GREP=/bin/grep
ac_cv_path_SED=/bin/sed
ac_cv_path_install='/usr/bin/install -c'
ac_cv_path_mkdir=/bin/mkdir
ac_cv_prog_AR=mips-linux-ar
ac_cv_prog_AWK=gawk
ac_cv_prog_CC=mips-linux-gcc
ac_cv_prog_CPP='mips-linux-gcc -E'
ac_cv_prog_OBJDUMP=mips-linux-objdump
ac_cv_prog_RANLIB=mips-linux-ranlib
ac_cv_prog_STRIP=mips-linux-strip
ac_cv_prog_cc_c89=
ac_cv_prog_cc_g=yes
ac_cv_prog_cc_mips_linux_gcc_c_o=yes
ac_cv_prog_make_make_set=yes
ac_cv_search_bind='none required'
ac_cv_search_gethostbyname='none required'
ac_cv_search_sched_getparam='none required'
ac_cv_socklen_t=yes
ac_cv_sys_largefile_source=1
ac_cv_type_off_t=yes
ac_cv_type_size_t=yes
ac_cv_win32=no
am_cv_CC_dependencies_compiler_type=gcc3
lt_cv_deplibs_check_method=pass_all
lt_cv_file_magic_cmd='$MAGIC_CMD'
lt_cv_file_magic_test_file=
lt_cv_ld_reload_flag=-r
lt_cv_nm_interface='BSD nm'
lt_cv_objdir=.libs
lt_cv_path_LD=/root/pisen/svn/WPR003N/build/gcc-4.3.3/build_mips/staging_dir/usr/mips-linux-uclibc/bin/ld
lt_cv_path_NM='/root/WPR003N/build/gcc-4.3.3/build_mips/staging_dir/usr/bin/mips-linux-nm -B'
lt_cv_prog_compiler_c_o=yes
lt_cv_prog_compiler_pic_works=yes
lt_cv_prog_compiler_rtti_exceptions=no
lt_cv_prog_compiler_static_works=yes
lt_cv_prog_gnu_ld=yes
lt_cv_sys_global_symbol_pipe='sed -n -e '\''s/^.*[	 ]\([ABCDGIRSTW][ABCDGIRSTW]*\)[	 ][	 ]*\([_A-Za-z][_A-Za-z0-9]*\)$/\1 \2 \2/p'\'''
lt_cv_sys_global_symbol_to_c_name_address='sed -n -e '\''s/^: \([^ ]*\) $/  {\"\1\", (void *) 0},/p'\'' -e '\''s/^[ABCDGIRSTW]* \([^ ]*\) \([^ ]*\)$/  {"\2", (void *) \&\2},/p'\'''
lt_cv_sys_global_symbol_to_c_name_address_lib_prefix='sed -n -e '\''s/^: \([^ ]*\) $/  {\"\1\", (void *) 0},/p'\'' -e '\''s/^[ABCDGIRSTW]* \([^ ]*\) \(lib[^ ]*\)$/  {"\2", (void *) \&\2},/p'\'' -e '\''s/^[ABCDGIRSTW]* \([^ ]*\) \([^ ]*\)$/  {"lib\2", (void *) \&\2},/p'\'''
lt_cv_sys_global_symbol_to_cdecl='sed -n -e '\''s/^T .* \(.*\)$/extern int \1();/p'\'' -e '\''s/^[ABCDGIRSTW]* .* \(.*\)$/extern char \1;/p'\'''
lt_cv_sys_max_cmd_len=1966080

## ----------------- ##
## Output variables. ##
## ----------------- ##

ACLOCAL='${SHELL} /root/pisen/svn/WPR003N/apps/dmr/mrender/libupnp-1.6.17/build-aux/missing --run aclocal-1.11'
AMDEPBACKSLASH='\'
AMDEP_FALSE='#'
AMDEP_TRUE=''
AMTAR='${SHELL} /root/pisen/svn/WPR003N/apps/dmr/mrender/libupnp-1.6.17/build-aux/missing --run tar'
AR='mips-linux-ar'
AUTOCONF='${SHELL} /root/pisen/svn/WPR003N/apps/dmr/mrender/libupnp-1.6.17/build-aux/missing --run autoconf'
AUTOHEADER='${SHELL} /root/pisen/svn/WPR003N/apps/dmr/mrender/libupnp-1.6.17/build-aux/missing --run autoheader'
AUTOMAKE='${SHELL} /root/pisen/svn/WPR003N/apps/dmr/mrender/libupnp-1.6.17/build-aux/missing --run automake-1.11'
AWK='gawk'
CC='mips-linux-gcc'
CCDEPMODE='depmode=gcc3'
CFLAGS='-pthread -g -O2 -Os -Wall'
CPP='mips-linux-gcc -E'
CPPFLAGS=' -D_GNU_SOURCE'
CYGPATH_W='echo'
DEFS='-DHAVE_CONFIG_H'
DEPDIR='.deps'
DSYMUTIL=''
DUMPBIN=''
ECHO_C=''
ECHO_N='-n'
ECHO_T=''
EGREP='/bin/grep -E'
ENABLE_BLOCKING_TCP_CONNECTIONS_FALSE=''
ENABLE_BLOCKING_TCP_CONNECTIONS_TRUE='#'
ENABLE_CLIENT_FALSE='#'
ENABLE_CLIENT_TRUE=''
ENABLE_DEBUG_FALSE=''
ENABLE_DEBUG_TRUE='#'
ENABLE_DEVICE_FALSE='#'
ENABLE_DEVICE_TRUE=''
ENABLE_GENA_FALSE='#'
ENABLE_GENA_TRUE=''
ENABLE_IPV6_FALSE=''
ENABLE_IPV6_TRUE='#'
ENABLE_NOTIFICATION_REORDERING_FALSE='#'
ENABLE_NOTIFICATION_REORDERING_TRUE=''
ENABLE_OPTSSDP_FALSE='#'
ENABLE_OPTSSDP_TRUE=''
ENABLE_SAMPLES_FALSE='#'
ENABLE_SAMPLES_TRUE=''
ENABLE_SOAP_FALSE='#'
ENABLE_SOAP_TRUE=''
ENABLE_SSDP_FALSE='#'
ENABLE_SSDP_TRUE=''
ENABLE_TOOLS_FALSE='#'
ENABLE_TOOLS_TRUE=''
ENABLE_UNSPECIFIED_SERVER_FALSE=''
ENABLE_UNSPECIFIED_SERVER_TRUE='#'
ENABLE_UUID_FALSE='#'
ENABLE_UUID_TRUE=''
ENABLE_WEBSERVER_FALSE='#'
ENABLE_WEBSERVER_TRUE=''
EXEEXT=''
FGREP='/bin/grep -F'
GREP='/bin/grep'
INSTALL_DATA='${INSTALL} -m 644'
INSTALL_PROGRAM='${INSTALL}'
INSTALL_SCRIPT='${INSTALL}'
INSTALL_STRIP_PROGRAM='$(install_sh) -c -s'
LD='/root/pisen/svn/WPR003N/build/gcc-4.3.3/build_mips/staging_dir/usr/mips-linux-uclibc/bin/ld'
LDFLAGS=''
LIBOBJS=''
LIBS=' '
LIBTOOL='$(SHELL) $(top_builddir)/libtool'
LIPO=''
LN_S='ln -s'
LTLIBOBJS=''
LT_VERSION_IXML='2:7:0'
LT_VERSION_THREADUTIL='6:2:0'
LT_VERSION_UPNP='9:1:3'
MAKEINFO='${SHELL} /root/pisen/svn/WPR003N/apps/dmr/mrender/libupnp-1.6.17/build-aux/missing --run makeinfo'
MKDIR_P='/bin/mkdir -p'
NM='/root/WPR003N/build/gcc-4.3.3/build_mips/staging_dir/usr/bin/mips-linux-nm -B'
NMEDIT=''
OBJDUMP='mips-linux-objdump'
OBJEXT='o'
OTOOL64=''
OTOOL=''
PACKAGE='libupnp'
PACKAGE_BUGREPORT='mroberto@users.sourceforge.net'
PACKAGE_NAME='libupnp'
PACKAGE_STRING='libupnp 1.6.17'
PACKAGE_TARNAME='libupnp'
PACKAGE_VERSION='1.6.17'
PATH_SEPARATOR=':'
PTHREAD_CC='mips-linux-gcc'
PTHREAD_CFLAGS='-pthread'
PTHREAD_LIBS=''
RANLIB='mips-linux-ranlib'
SED='/bin/sed'
SET_MAKE=''
SHELL='/bin/sh'
STRIP='mips-linux-strip'
VERSION='1.6.17'
WITH_DOCUMENTATION_FALSE=''
WITH_DOCUMENTATION_TRUE='#'
ac_ct_CC=''
ac_ct_DUMPBIN=''
acx_pthread_config=''
am__EXEEXT_FALSE=''
am__EXEEXT_TRUE='#'
am__fastdepCC_FALSE='#'
am__fastdepCC_TRUE=''
am__include='include'
am__isrc=''
am__leading_dot='.'
am__quote=''
am__tar='${AMTAR} chof - "$$tardir"'
am__untar='${AMTAR} xf -'
bindir='${exec_prefix}/bin'
build='i686-pc-linux-gnu'
build_alias='i686-linux'
build_cpu='i686'
build_os='linux-gnu'
build_vendor='pc'
datadir='${datarootdir}'
datarootdir='${prefix}/share'
docdir='${datarootdir}/doc/libupnp-1.6.17'
dvidir='${docdir}'
exec_prefix='${prefix}'
host='mips-unknown-linux-gnu'
host_alias='mips-linux'
host_cpu='mips'
host_os='linux-gnu'
host_vendor='unknown'
htmldir='${docdir}'
includedir='${prefix}/include'
infodir='${datarootdir}/info'
install_sh='${SHELL} /root/pisen/svn/WPR003N/apps/dmr/mrender/libupnp-1.6.17/build-aux/install-sh'
libdir='${exec_prefix}/lib'
libexecdir='${exec_prefix}/libexec'
localedir='${datarootdir}/locale'
localstatedir='${prefix}/var'
lt_ECHO='echo'
mandir='${datarootdir}/man'
mkdir_p='/bin/mkdir -p'
oldincludedir='/usr/include'
pdfdir='${docdir}'
prefix='/root/pisen/svn/WPR003N/apps/dmr/mrender/gmediarender/libupnp'
program_transform_name='s,x,x,'
psdir='${docdir}'
sbindir='${exec_prefix}/sbin'
sharedstatedir='${prefix}/com'
sysconfdir='${prefix}/etc'
target_alias=''

## ----------- ##
## confdefs.h. ##
## ----------- ##

#define PACKAGE_NAME "libupnp"
#define PACKAGE_TARNAME "libupnp"
#define PACKAGE_VERSION "1.6.17"
#define PACKAGE_STRING "libupnp 1.6.17"
#define PACKAGE_BUGREPORT "mroberto@users.sourceforge.net"
#define PACKAGE "libupnp"
#define VERSION "1.6.17"
#define UPNP_VERSION_STRING "1.6.17"
#define UPNP_VERSION_MAJOR 1
#define UPNP_VERSION_MINOR 6
#define UPNP_VERSION_PATCH 17
#define NO_DEBUG 1
#define NDEBUG 1
#define UPNP_HAVE_CLIENT 1
#define UPNP_HAVE_DEVICE 1
#define UPNP_HAVE_WEBSERVER 1
#define UPNP_HAVE_SSDP 1
#define UPNP_HAVE_OPTSSDP 1
#define UPNP_HAVE_SOAP 1
#define UPNP_HAVE_GENA 1
#define UPNP_HAVE_TOOLS 1
#define UPNP_ENABLE_NOTIFICATION_REORDERING 1
#define STDC_HEADERS 1
#define HAVE_SYS_TYPES_H 1
#define HAVE_SYS_STAT_H 1
#define HAVE_STDLIB_H 1
#define HAVE_STRING_H 1
#define HAVE_MEMORY_H 1
#define HAVE_STRINGS_H 1
#define HAVE_INTTYPES_H 1
#define HAVE_STDINT_H 1
#define HAVE_UNISTD_H 1
#define HAVE_DLFCN_H 1
#define LT_OBJDIR ".libs/"
#define _LARGE_FILE_SOURCE /**/
#define _FILE_OFFSET_BITS 64
#define STDC_HEADERS 1
#define HAVE_ARPA_INET_H 1
#define HAVE_FCNTL_H 1
#define HAVE_INTTYPES_H 1
#define HAVE_LIMITS_H 1
#define HAVE_NETDB_H 1
#define HAVE_NETINET_IN_H 1
#define HAVE_STDLIB_H 1
#define HAVE_STRING_H 1
#define HAVE_SYS_IOCTL_H 1
#define HAVE_SYS_SOCKET_H 1
#define HAVE_SYS_TIME_H 1
#define HAVE_SYSLOG_H 1
#define HAVE_UNISTD_H 1
#define HAVE_SYS_TYPES_H 1
#define HAVE_SYS_SOCKET_H 1
#define HAVE_VPRINTF 1
#define _LARGEFILE_SOURCE 1
#define HAVE_FSEEKO 1
#define HAVE_STRNLEN 1
#define HAVE_STRNDUP 1
#define HAVE_PTHREAD 1
#define UPNP_USE_RWLOCK 1

configure: exit 0
