This file contains any messages produced by compilers while
running configure, to aid debugging if configure makes a mistake.

It was created by libupnp configure 1.6.19, which was
generated by GNU Autoconf 2.63.  Invocation command line was

  $ ./configure --host=mips-linux --build=i686-linux --prefix=/root/pisen/svn/WPR003N/apps/dmr/mrender/gmediarender/libupnp

## --------- ##
## Platform. ##
## --------- ##

hostname = zxl.pisen
uname -m = i686
uname -r = 2.6.32-358.el6.i686
uname -s = Linux
uname -v = #1 SMP Thu Feb 21 21:50:49 UTC 2013

/usr/bin/uname -p = unknown
/bin/uname -X     = unknown

/bin/arch              = i686
/usr/bin/arch -k       = unknown
/usr/convex/getsysinfo = unknown
/usr/bin/hostinfo      = unknown
/bin/machine           = unknown
/usr/bin/oslevel       = unknown
/bin/universe          = unknown

PATH: /root/WPR003N/build/gcc-4.3.3/build_mips/staging_dir/usr/bin
PATH: /usr/lib/qt-3.3/bin
PATH: /usr/local/sbin
PATH: /usr/local/bin
PATH: /sbin
PATH: /bin
PATH: /usr/sbin
PATH: /usr/bin
PATH: /root/bin


## ----------- ##
## Core tests. ##
## ----------- ##

configure:2039: checking for a BSD-compatible install
configure:2107: result: /usr/bin/install -c
configure:2118: checking whether build environment is sane
configure:2183: result: yes
configure:2242: checking for mips-linux-strip
configure:2258: found /root/WPR003N/build/gcc-4.3.3/build_mips/staging_dir/usr/bin/mips-linux-strip
configure:2269: result: mips-linux-strip
configure:2334: checking for a thread-safe mkdir -p
configure:2373: result: /bin/mkdir -p
configure:2380: checking for gawk
configure:2396: found /bin/gawk
configure:2407: result: gawk
configure:2418: checking whether make sets $(MAKE)
configure:2440: result: yes
configure:2534: checking build system type
configure:2552: result: i686-pc-linux-gnu
configure:2574: checking host system type
configure:2589: result: mips-unknown-linux-gnu
configure:2658: checking for --enable-debug
configure:2666: result: no
configure:2706: checking for --enable-client
configure:2714: result: yes
configure:2735: checking for --enable-device
configure:2743: result: yes
configure:2767: checking for --enable-webserver
configure:2775: result: yes
configure:2804: checking for --enable-ssdp
configure:2812: result: yes
configure:2832: checking for --enable-optssdp
configure:2840: result: yes
configure:2861: checking for --enable-soap
configure:2869: result: yes
configure:2889: checking for --enable-gena
configure:2897: result: yes
configure:2927: checking for --enable-tools
configure:2935: result: yes
configure:2955: checking for --enable-ipv6
configure:2963: result: no
configure:2983: checking for --enable-unspecified_server
configure:2991: result: no
configure:3011: checking for --enable-notification_reordering
configure:3019: result: yes
configure:3039: checking for --enable-blocking_tcp_connections
configure:3047: result: yes
configure:3068: checking for --enable-samples
configure:3076: result: yes
configure:3097: checking for documentation directory
configure:3123: result: ${datarootdir}/doc/libupnp-1.6.19
configure:3138: checking for mips-linux-gcc
configure:3154: found /root/WPR003N/build/gcc-4.3.3/build_mips/staging_dir/usr/bin/mips-linux-gcc
configure:3165: result: mips-linux-gcc
configure:3437: checking for C compiler version
configure:3445: mips-linux-gcc --version >&5
mips-linux-gcc (GCC) 4.3.3
Copyright (C) 2008 Free Software Foundation, Inc.
This is free software; see the source for copying conditions.  There is NO
warranty; not even for MERCHANTABILITY or FITNESS FOR A PARTICULAR PURPOSE.

configure:3449: $? = 0
configure:3456: mips-linux-gcc -v >&5
Using built-in specs.
Target: mips-linux-uclibc
Configured with: /root/pisen/svn/WPR003N/build/gcc-4.3.3/toolchain_build_mips/gcc-4.3.3/configure --prefix=/usr --build=i386-pc-linux-gnu --host=i386-pc-linux-gnu --target=mips-linux-uclibc --enable-languages=c,c++ --with-sysroot=/root/pisen/svn/WPR003N/build/gcc-4.3.3/build_mips/staging_dir --with-build-time-tools=/root/pisen/svn/WPR003N/build/gcc-4.3.3/build_mips/staging_dir/usr/mips-linux-uclibc/bin --disable-__cxa_atexit --enable-target-optspace --with-gnu-ld --disable-libssp --disable-tls --enable-shared --with-gmp=/root/pisen/svn/WPR003N/build/gcc-4.3.3/toolchain_build_mips/gmp --with-mpfr=/root/pisen/svn/WPR003N/build/gcc-4.3.3/toolchain_build_mips/mpfr --disable-nls --enable-threads --disable-multilib --disable-decimal-float --with-float=soft --with-abi=32 --with-tune=mips32r2
Thread model: posix
gcc version 4.3.3 (GCC) 
configure:3460: $? = 0
configure:3467: mips-linux-gcc -V >&5
mips-linux-gcc: '-V' option must have argument
configure:3471: $? = 1
configure:3494: checking for C compiler default output file name
configure:3516: mips-linux-gcc    conftest.c  >&5
configure:3520: $? = 0
configure:3558: result: a.out
configure:3577: checking whether the C compiler works
configure:3610: result: yes
configure:3617: checking whether we are cross compiling
configure:3619: result: yes
configure:3622: checking for suffix of executables
configure:3629: mips-linux-gcc -o conftest    conftest.c  >&5
configure:3633: $? = 0
configure:3659: result: 
configure:3665: checking for suffix of object files
configure:3691: mips-linux-gcc -c   conftest.c >&5
configure:3695: $? = 0
configure:3720: result: o
configure:3724: checking whether we are using the GNU C compiler
configure:3753: mips-linux-gcc -c   conftest.c >&5
configure:3760: $? = 0
configure:3777: result: yes
configure:3786: checking whether mips-linux-gcc accepts -g
configure:3816: mips-linux-gcc -c -g  conftest.c >&5
configure:3823: $? = 0
configure:3924: result: yes
configure:3941: checking for mips-linux-gcc option to accept ISO C89
configure:4015: mips-linux-gcc  -c -g -O2  conftest.c >&5
configure:4022: $? = 0
configure:4045: result: none needed
configure:4074: checking for style of include used by make
configure:4102: result: GNU
configure:4128: checking dependency style of mips-linux-gcc
configure:4239: result: gcc3
configure:4255: checking whether mips-linux-gcc and cc understand -c and -o together
configure:4290: mips-linux-gcc -c conftest.c -o conftest2.o >&5
configure:4294: $? = 0
configure:4300: mips-linux-gcc -c conftest.c -o conftest2.o >&5
configure:4304: $? = 0
configure:4315: cc -c conftest.c >&5
configure:4319: $? = 0
configure:4327: cc -c conftest.c -o conftest2.o >&5
configure:4331: $? = 0
configure:4337: cc -c conftest.c -o conftest2.o >&5
configure:4341: $? = 0
configure:4359: result: yes
configure:4392: checking for mips-linux-ar
configure:4408: found /root/WPR003N/build/gcc-4.3.3/build_mips/staging_dir/usr/bin/mips-linux-ar
configure:4419: result: mips-linux-ar
configure:4489: checking the archiver (mips-linux-ar) interface
configure:4509: mips-linux-gcc -c -g -O2  conftest.c >&5
configure:4516: $? = 0
configure:4522: mips-linux-ar cru libconftest.a conftest.o >&5
configure:4525: $? = 0
configure:4554: result: ar
configure:4622: checking how to print strings
configure:4649: result: printf
configure:4670: checking for a sed that does not truncate output
configure:4736: result: /bin/sed
configure:4754: checking for grep that handles long lines and -e
configure:4814: result: /bin/grep
configure:4819: checking for egrep
configure:4883: result: /bin/grep -E
configure:4888: checking for fgrep
configure:4952: result: /bin/grep -F
configure:4987: checking for ld used by mips-linux-gcc
configure:5054: result: /root/pisen/svn/WPR003N/build/gcc-4.3.3/build_mips/staging_dir/usr/mips-linux-uclibc/bin/ld
configure:5063: checking if the linker (/root/pisen/svn/WPR003N/build/gcc-4.3.3/build_mips/staging_dir/usr/mips-linux-uclibc/bin/ld) is GNU ld
configure:5078: result: yes
configure:5090: checking for BSD- or MS-compatible name lister (nm)
configure:5139: result: /root/WPR003N/build/gcc-4.3.3/build_mips/staging_dir/usr/bin/mips-linux-nm -B
configure:5269: checking the name lister (/root/WPR003N/build/gcc-4.3.3/build_mips/staging_dir/usr/bin/mips-linux-nm -B) interface
configure:5276: mips-linux-gcc -c -g -O2  conftest.c >&5
configure:5279: /root/WPR003N/build/gcc-4.3.3/build_mips/staging_dir/usr/bin/mips-linux-nm -B "conftest.o"
configure:5282: output
00000000 B some_variable
configure:5289: result: BSD nm
configure:5292: checking whether ln -s works
configure:5296: result: yes
configure:5304: checking the maximum length of command line arguments
configure:5434: result: 1966080
configure:5451: checking whether the shell understands some XSI constructs
configure:5461: result: yes
configure:5465: checking whether the shell understands "+="
configure:5471: result: yes
configure:5506: checking how to convert i686-pc-linux-gnu file names to mips-unknown-linux-gnu format
configure:5546: result: func_convert_file_noop
configure:5553: checking how to convert i686-pc-linux-gnu file names to toolchain format
configure:5573: result: func_convert_file_noop
configure:5580: checking for /root/pisen/svn/WPR003N/build/gcc-4.3.3/build_mips/staging_dir/usr/mips-linux-uclibc/bin/ld option to reload object files
configure:5587: result: -r
configure:5621: checking for mips-linux-objdump
configure:5637: found /root/WPR003N/build/gcc-4.3.3/build_mips/staging_dir/usr/bin/mips-linux-objdump
configure:5648: result: mips-linux-objdump
configure:5720: checking how to recognize dependent libraries
configure:5922: result: pass_all
configure:5967: checking for mips-linux-dlltool
configure:5997: result: no
configure:6007: checking for dlltool
configure:6037: result: no
configure:6067: checking how to associate runtime and link libraries
configure:6094: result: printf %s\n
configure:6110: checking for mips-linux-ar
configure:6137: result: mips-linux-ar
configure:6218: checking for archiver @FILE support
configure:6245: mips-linux-gcc -c -g -O2  conftest.c >&5
configure:6252: $? = 0
configure:6259: mips-linux-ar cru libconftest.a @conftest.lst >&5
configure:6262: $? = 0
configure:6267: mips-linux-ar cru libconftest.a @conftest.lst >&5
mips-linux-ar: conftest.o: No such file or directory
configure:6270: $? = 1
configure:6288: result: @
configure:6306: checking for mips-linux-strip
configure:6333: result: mips-linux-strip
configure:6405: checking for mips-linux-ranlib
configure:6421: found /root/WPR003N/build/gcc-4.3.3/build_mips/staging_dir/usr/bin/mips-linux-ranlib
configure:6432: result: mips-linux-ranlib
configure:6574: checking command to parse /root/WPR003N/build/gcc-4.3.3/build_mips/staging_dir/usr/bin/mips-linux-nm -B output from mips-linux-gcc object
configure:6694: mips-linux-gcc -c -g -O2  conftest.c >&5
configure:6697: $? = 0
configure:6701: /root/WPR003N/build/gcc-4.3.3/build_mips/staging_dir/usr/bin/mips-linux-nm -B conftest.o \| sed -n -e 's/^.*[ ]\([ABCDGIRSTW][ABCDGIRSTW]*\)[ ][ ]*\([_A-Za-z][_A-Za-z0-9]*\)$/\1 \2 \2/p' | sed '/ __gnu_lto/d' \> conftest.nm
configure:6704: $? = 0
configure:6770: mips-linux-gcc -o conftest -g -O2   conftest.c conftstm.o >&5
configure:6773: $? = 0
configure:6811: result: ok
configure:6848: checking for sysroot
configure:6880: result: no
configure:7125: checking for mips-linux-mt
configure:7155: result: no
configure:7165: checking for mt
configure:7195: result: no
configure:7215: checking if : is a manifest tool
configure:7221: : '-?'
configure:7229: result: no
configure:7900: checking how to run the C preprocessor
configure:7940: mips-linux-gcc -E  conftest.c
configure:7947: $? = 0
configure:7978: mips-linux-gcc -E  conftest.c
conftest.c:26:28: error: ac_nonexistent.h: No such file or directory
configure:7985: $? = 1
configure: failed program was:
| /* confdefs.h.  */
| #define PACKAGE_NAME "libupnp"
| #define PACKAGE_TARNAME "libupnp"
| #define PACKAGE_VERSION "1.6.19"
| #define PACKAGE_STRING "libupnp 1.6.19"
| #define PACKAGE_BUGREPORT "mroberto@users.sourceforge.net"
| #define PACKAGE "libupnp"
| #define VERSION "1.6.19"
| #define UPNP_VERSION_STRING "1.6.19"
| #define UPNP_VERSION_MAJOR 1
| #define UPNP_VERSION_MINOR 6
| #define UPNP_VERSION_PATCH 19
| #define NO_DEBUG 1
| #define NDEBUG 1
| #define UPNP_HAVE_CLIENT 1
| #define UPNP_HAVE_DEVICE 1
| #define UPNP_HAVE_WEBSERVER 1
| #define UPNP_HAVE_SSDP 1
| #define UPNP_HAVE_OPTSSDP 1
| #define UPNP_HAVE_SOAP 1
| #define UPNP_HAVE_GENA 1
| #define UPNP_HAVE_TOOLS 1
| #define UPNP_ENABLE_NOTIFICATION_REORDERING 1
| #define UPNP_ENABLE_BLOCKING_TCP_CONNECTIONS 1
| /* end confdefs.h.  */
| #include <ac_nonexistent.h>
configure:8018: result: mips-linux-gcc -E
configure:8047: mips-linux-gcc -E  conftest.c
configure:8054: $? = 0
configure:8085: mips-linux-gcc -E  conftest.c
conftest.c:26:28: error: ac_nonexistent.h: No such file or directory
configure:8092: $? = 1
configure: failed program was:
| /* confdefs.h.  */
| #define PACKAGE_NAME "libupnp"
| #define PACKAGE_TARNAME "libupnp"
| #define PACKAGE_VERSION "1.6.19"
| #define PACKAGE_STRING "libupnp 1.6.19"
| #define PACKAGE_BUGREPORT "mroberto@users.sourceforge.net"
| #define PACKAGE "libupnp"
| #define VERSION "1.6.19"
| #define UPNP_VERSION_STRING "1.6.19"
| #define UPNP_VERSION_MAJOR 1
| #define UPNP_VERSION_MINOR 6
| #define UPNP_VERSION_PATCH 19
| #define NO_DEBUG 1
| #define NDEBUG 1
| #define UPNP_HAVE_CLIENT 1
| #define UPNP_HAVE_DEVICE 1
| #define UPNP_HAVE_WEBSERVER 1
| #define UPNP_HAVE_SSDP 1
| #define UPNP_HAVE_OPTSSDP 1
| #define UPNP_HAVE_SOAP 1
| #define UPNP_HAVE_GENA 1
| #define UPNP_HAVE_TOOLS 1
| #define UPNP_ENABLE_NOTIFICATION_REORDERING 1
| #define UPNP_ENABLE_BLOCKING_TCP_CONNECTIONS 1
| /* end confdefs.h.  */
| #include <ac_nonexistent.h>
configure:8132: checking for ANSI C header files
configure:8162: mips-linux-gcc -c -g -O2  conftest.c >&5
configure:8169: $? = 0
configure:8300: result: yes
configure:8324: checking for sys/types.h
configure:8345: mips-linux-gcc -c -g -O2  conftest.c >&5
configure:8352: $? = 0
configure:8369: result: yes
configure:8324: checking for sys/stat.h
configure:8345: mips-linux-gcc -c -g -O2  conftest.c >&5
configure:8352: $? = 0
configure:8369: result: yes
configure:8324: checking for stdlib.h
configure:8345: mips-linux-gcc -c -g -O2  conftest.c >&5
configure:8352: $? = 0
configure:8369: result: yes
configure:8324: checking for string.h
configure:8345: mips-linux-gcc -c -g -O2  conftest.c >&5
configure:8352: $? = 0
configure:8369: result: yes
configure:8324: checking for memory.h
configure:8345: mips-linux-gcc -c -g -O2  conftest.c >&5
configure:8352: $? = 0
configure:8369: result: yes
configure:8324: checking for strings.h
configure:8345: mips-linux-gcc -c -g -O2  conftest.c >&5
configure:8352: $? = 0
configure:8369: result: yes
configure:8324: checking for inttypes.h
configure:8345: mips-linux-gcc -c -g -O2  conftest.c >&5
configure:8352: $? = 0
configure:8369: result: yes
configure:8324: checking for stdint.h
configure:8345: mips-linux-gcc -c -g -O2  conftest.c >&5
configure:8352: $? = 0
configure:8369: result: yes
configure:8324: checking for unistd.h
configure:8345: mips-linux-gcc -c -g -O2  conftest.c >&5
configure:8352: $? = 0
configure:8369: result: yes
configure:8387: checking for dlfcn.h
configure:8408: mips-linux-gcc -c -g -O2  conftest.c >&5
configure:8415: $? = 0
configure:8432: result: yes
configure:8640: checking for objdir
configure:8655: result: .libs
configure:8926: checking if mips-linux-gcc supports -fno-rtti -fno-exceptions
configure:8944: mips-linux-gcc -c -g -O2  -fno-rtti -fno-exceptions conftest.c >&5
cc1: warning: command line option "-fno-rtti" is valid for C++/ObjC++ but not for C
cc1: warning: command line option "-fno-rtti" is valid for C++/ObjC++ but not for C
configure:8948: $? = 0
configure:8961: result: no
configure:9288: checking for mips-linux-gcc option to produce PIC
configure:9295: result: -fPIC -DPIC
configure:9303: checking if mips-linux-gcc PIC flag -fPIC -DPIC works
configure:9321: mips-linux-gcc -c -g -O2  -fPIC -DPIC -DPIC conftest.c >&5
configure:9325: $? = 0
configure:9338: result: yes
configure:9367: checking if mips-linux-gcc static flag -static works
configure:9395: result: yes
configure:9410: checking if mips-linux-gcc supports -c -o file.o
configure:9431: mips-linux-gcc -c -g -O2  -o out/conftest2.o conftest.c >&5
configure:9435: $? = 0
configure:9457: result: yes
configure:9465: checking if mips-linux-gcc supports -c -o file.o
configure:9512: result: yes
configure:9545: checking whether the mips-linux-gcc linker (/root/pisen/svn/WPR003N/build/gcc-4.3.3/build_mips/staging_dir/usr/mips-linux-uclibc/bin/ld) supports shared libraries
configure:10789: result: yes
configure:10826: checking whether -lc should be explicitly linked in
configure:10834: mips-linux-gcc -c -g -O2  conftest.c >&5
configure:10837: $? = 0
configure:10852: mips-linux-gcc -shared  -fPIC -DPIC conftest.o  -v -Wl,-soname -Wl,conftest -o conftest 2\>\&1 \| /bin/grep  -lc  \>/dev/null 2\>\&1
configure:10855: $? = 0
configure:10869: result: no
configure:11029: checking dynamic linker characteristics
configure:11550: mips-linux-gcc -o conftest -g -O2   -Wl,-rpath -Wl,/foo conftest.c  >&5
configure:11557: $? = 0
configure:11794: result: GNU/Linux ld.so
configure:11901: checking how to hardcode library paths into programs
configure:11926: result: immediate
configure:12779: checking whether stripping libraries is possible
configure:12784: result: yes
configure:12819: checking if libtool supports shared libraries
configure:12821: result: yes
configure:12824: checking whether to build shared libraries
configure:12845: result: yes
configure:12848: checking whether to build static libraries
configure:12852: result: yes
configure:12903: checking for a BSD-compatible install
configure:12971: result: /usr/bin/install -c
configure:12982: checking whether make sets $(MAKE)
configure:13004: result: yes
configure:13013: checking for egrep
configure:13077: result: /bin/grep -E
configure:13193: checking CFLAGS for gcc -Os
configure:13230: mips-linux-gcc -c -g -O2 -pedantic -Werror  -Os  conftest.c >&5
configure:13237: $? = 0
configure:13261: result: -Os
configure:13273: : CFLAGS="$CFLAGS $ac_cv_cflags_gcc_option__Os"
configure:13276: $? = 0
configure:13287: checking CFLAGS for maximum warnings
configure:13324: mips-linux-gcc -c -g -O2 -Os -pedantic  -Wall  conftest.c >&5
configure:13331: $? = 0
configure:13355: result: -Wall
configure:13368: : CFLAGS="$CFLAGS $ac_cv_cflags_warn_all"
configure:13371: $? = 0
configure:13384: checking for size_t
configure:13412: mips-linux-gcc -c -g -O2 -Os -Wall  conftest.c >&5
configure:13419: $? = 0
configure:13446: mips-linux-gcc -c -g -O2 -Os -Wall  conftest.c >&5
conftest.c: In function 'main':
conftest.c:74: error: expected expression before ')' token
configure:13453: $? = 1
configure: failed program was:
| /* confdefs.h.  */
| #define PACKAGE_NAME "libupnp"
| #define PACKAGE_TARNAME "libupnp"
| #define PACKAGE_VERSION "1.6.19"
| #define PACKAGE_STRING "libupnp 1.6.19"
| #define PACKAGE_BUGREPORT "mroberto@users.sourceforge.net"
| #define PACKAGE "libupnp"
| #define VERSION "1.6.19"
| #define UPNP_VERSION_STRING "1.6.19"
| #define UPNP_VERSION_MAJOR 1
| #define UPNP_VERSION_MINOR 6
| #define UPNP_VERSION_PATCH 19
| #define NO_DEBUG 1
| #define NDEBUG 1
| #define UPNP_HAVE_CLIENT 1
| #define UPNP_HAVE_DEVICE 1
| #define UPNP_HAVE_WEBSERVER 1
| #define UPNP_HAVE_SSDP 1
| #define UPNP_HAVE_OPTSSDP 1
| #define UPNP_HAVE_SOAP 1
| #define UPNP_HAVE_GENA 1
| #define UPNP_HAVE_TOOLS 1
| #define UPNP_ENABLE_NOTIFICATION_REORDERING 1
| #define UPNP_ENABLE_BLOCKING_TCP_CONNECTIONS 1
| #define STDC_HEADERS 1
| #define HAVE_SYS_TYPES_H 1
| #define HAVE_SYS_STAT_H 1
| #define HAVE_STDLIB_H 1
| #define HAVE_STRING_H 1
| #define HAVE_MEMORY_H 1
| #define HAVE_STRINGS_H 1
| #define HAVE_INTTYPES_H 1
| #define HAVE_STDINT_H 1
| #define HAVE_UNISTD_H 1
| #define HAVE_DLFCN_H 1
| #define LT_OBJDIR ".libs/"
| /* end confdefs.h.  */
| #include <stdio.h>
| #ifdef HAVE_SYS_TYPES_H
| # include <sys/types.h>
| #endif
| #ifdef HAVE_SYS_STAT_H
| # include <sys/stat.h>
| #endif
| #ifdef STDC_HEADERS
| # include <stdlib.h>
| # include <stddef.h>
| #else
| # ifdef HAVE_STDLIB_H
| #  include <stdlib.h>
| # endif
| #endif
| #ifdef HAVE_STRING_H
| # if !defined STDC_HEADERS && defined HAVE_MEMORY_H
| #  include <memory.h>
| # endif
| # include <string.h>
| #endif
| #ifdef HAVE_STRINGS_H
| # include <strings.h>
| #endif
| #ifdef HAVE_INTTYPES_H
| # include <inttypes.h>
| #endif
| #ifdef HAVE_STDINT_H
| # include <stdint.h>
| #endif
| #ifdef HAVE_UNISTD_H
| # include <unistd.h>
| #endif
| int
| main ()
| {
| if (sizeof ((size_t)))
| 	  return 0;
|   ;
|   return 0;
| }
configure:13476: result: yes
configure:13488: checking for off_t
configure:13516: mips-linux-gcc -c -g -O2 -Os -Wall  conftest.c >&5
configure:13523: $? = 0
configure:13550: mips-linux-gcc -c -g -O2 -Os -Wall  conftest.c >&5
conftest.c: In function 'main':
conftest.c:74: error: expected expression before ')' token
configure:13557: $? = 1
configure: failed program was:
| /* confdefs.h.  */
| #define PACKAGE_NAME "libupnp"
| #define PACKAGE_TARNAME "libupnp"
| #define PACKAGE_VERSION "1.6.19"
| #define PACKAGE_STRING "libupnp 1.6.19"
| #define PACKAGE_BUGREPORT "mroberto@users.sourceforge.net"
| #define PACKAGE "libupnp"
| #define VERSION "1.6.19"
| #define UPNP_VERSION_STRING "1.6.19"
| #define UPNP_VERSION_MAJOR 1
| #define UPNP_VERSION_MINOR 6
| #define UPNP_VERSION_PATCH 19
| #define NO_DEBUG 1
| #define NDEBUG 1
| #define UPNP_HAVE_CLIENT 1
| #define UPNP_HAVE_DEVICE 1
| #define UPNP_HAVE_WEBSERVER 1
| #define UPNP_HAVE_SSDP 1
| #define UPNP_HAVE_OPTSSDP 1
| #define UPNP_HAVE_SOAP 1
| #define UPNP_HAVE_GENA 1
| #define UPNP_HAVE_TOOLS 1
| #define UPNP_ENABLE_NOTIFICATION_REORDERING 1
| #define UPNP_ENABLE_BLOCKING_TCP_CONNECTIONS 1
| #define STDC_HEADERS 1
| #define HAVE_SYS_TYPES_H 1
| #define HAVE_SYS_STAT_H 1
| #define HAVE_STDLIB_H 1
| #define HAVE_STRING_H 1
| #define HAVE_MEMORY_H 1
| #define HAVE_STRINGS_H 1
| #define HAVE_INTTYPES_H 1
| #define HAVE_STDINT_H 1
| #define HAVE_UNISTD_H 1
| #define HAVE_DLFCN_H 1
| #define LT_OBJDIR ".libs/"
| /* end confdefs.h.  */
| #include <stdio.h>
| #ifdef HAVE_SYS_TYPES_H
| # include <sys/types.h>
| #endif
| #ifdef HAVE_SYS_STAT_H
| # include <sys/stat.h>
| #endif
| #ifdef STDC_HEADERS
| # include <stdlib.h>
| # include <stddef.h>
| #else
| # ifdef HAVE_STDLIB_H
| #  include <stdlib.h>
| # endif
| #endif
| #ifdef HAVE_STRING_H
| # if !defined STDC_HEADERS && defined HAVE_MEMORY_H
| #  include <memory.h>
| # endif
| # include <string.h>
| #endif
| #ifdef HAVE_STRINGS_H
| # include <strings.h>
| #endif
| #ifdef HAVE_INTTYPES_H
| # include <inttypes.h>
| #endif
| #ifdef HAVE_STDINT_H
| # include <stdint.h>
| #endif
| #ifdef HAVE_UNISTD_H
| # include <unistd.h>
| #endif
| int
| main ()
| {
| if (sizeof ((off_t)))
| 	  return 0;
|   ;
|   return 0;
| }
configure:13580: result: yes
configure:13607: checking for Win32
configure:13634: mips-linux-gcc -c -g -O2 -Os -Wall  conftest.c >&5
configure:13641: $? = 0
configure:13659: result: no
configure:13667: checking for ANSI C header files
configure:13835: result: yes
configure:13890: checking arpa/inet.h usability
configure:13907: mips-linux-gcc -c -g -O2 -Os -Wall  conftest.c >&5
configure:13914: $? = 0
configure:13928: result: yes
configure:13932: checking arpa/inet.h presence
configure:13947: mips-linux-gcc -E  conftest.c
configure:13954: $? = 0
configure:13968: result: yes
configure:14001: checking for arpa/inet.h
configure:14010: result: yes
configure:13890: checking fcntl.h usability
configure:13907: mips-linux-gcc -c -g -O2 -Os -Wall  conftest.c >&5
configure:13914: $? = 0
configure:13928: result: yes
configure:13932: checking fcntl.h presence
configure:13947: mips-linux-gcc -E  conftest.c
configure:13954: $? = 0
configure:13968: result: yes
configure:14001: checking for fcntl.h
configure:14010: result: yes
configure:13879: checking for inttypes.h
configure:13886: result: yes
configure:13890: checking limits.h usability
configure:13907: mips-linux-gcc -c -g -O2 -Os -Wall  conftest.c >&5
configure:13914: $? = 0
configure:13928: result: yes
configure:13932: checking limits.h presence
configure:13947: mips-linux-gcc -E  conftest.c
configure:13954: $? = 0
configure:13968: result: yes
configure:14001: checking for limits.h
configure:14010: result: yes
configure:13890: checking netdb.h usability
configure:13907: mips-linux-gcc -c -g -O2 -Os -Wall  conftest.c >&5
configure:13914: $? = 0
configure:13928: result: yes
configure:13932: checking netdb.h presence
configure:13947: mips-linux-gcc -E  conftest.c
configure:13954: $? = 0
configure:13968: result: yes
configure:14001: checking for netdb.h
configure:14010: result: yes
configure:13890: checking netinet/in.h usability
configure:13907: mips-linux-gcc -c -g -O2 -Os -Wall  conftest.c >&5
configure:13914: $? = 0
configure:13928: result: yes
configure:13932: checking netinet/in.h presence
configure:13947: mips-linux-gcc -E  conftest.c
configure:13954: $? = 0
configure:13968: result: yes
configure:14001: checking for netinet/in.h
configure:14010: result: yes
configure:13879: checking for stdlib.h
configure:13886: result: yes
configure:13879: checking for string.h
configure:13886: result: yes
configure:13890: checking sys/ioctl.h usability
configure:13907: mips-linux-gcc -c -g -O2 -Os -Wall  conftest.c >&5
configure:13914: $? = 0
configure:13928: result: yes
configure:13932: checking sys/ioctl.h presence
configure:13947: mips-linux-gcc -E  conftest.c
configure:13954: $? = 0
configure:13968: result: yes
configure:14001: checking for sys/ioctl.h
configure:14010: result: yes
configure:13890: checking sys/socket.h usability
configure:13907: mips-linux-gcc -c -g -O2 -Os -Wall  conftest.c >&5
configure:13914: $? = 0
configure:13928: result: yes
configure:13932: checking sys/socket.h presence
configure:13947: mips-linux-gcc -E  conftest.c
configure:13954: $? = 0
configure:13968: result: yes
configure:14001: checking for sys/socket.h
configure:14010: result: yes
configure:13890: checking sys/time.h usability
configure:13907: mips-linux-gcc -c -g -O2 -Os -Wall  conftest.c >&5
configure:13914: $? = 0
configure:13928: result: yes
configure:13932: checking sys/time.h presence
configure:13947: mips-linux-gcc -E  conftest.c
configure:13954: $? = 0
configure:13968: result: yes
configure:14001: checking for sys/time.h
configure:14010: result: yes
configure:13890: checking syslog.h usability
configure:13907: mips-linux-gcc -c -g -O2 -Os -Wall  conftest.c >&5
configure:13914: $? = 0
configure:13928: result: yes
configure:13932: checking syslog.h presence
configure:13947: mips-linux-gcc -E  conftest.c
configure:13954: $? = 0
configure:13968: result: yes
configure:14001: checking for syslog.h
configure:14010: result: yes
configure:13879: checking for unistd.h
configure:13886: result: yes
configure:14035: checking for an ANSI C-conforming const
configure:14110: mips-linux-gcc -c -g -O2 -Os -Wall  conftest.c >&5
conftest.c: In function 'main':
conftest.c:83: warning: 't' is used uninitialized in this function
conftest.c:99: warning: 'b' may be used uninitialized in this function
conftest.c:105: warning: 'cs[0]' is used uninitialized in this function
configure:14117: $? = 0
configure:14132: result: yes
configure:14154: checking for sys/types.h
configure:14161: result: yes
configure:14154: checking for sys/socket.h
configure:14161: result: yes
configure:14165: checking ws2tcpip.h usability
configure:14182: mips-linux-gcc -c -g -O2 -Os -Wall  conftest.c >&5
conftest.c:89:22: error: ws2tcpip.h: No such file or directory
configure:14189: $? = 1
configure: failed program was:
| /* confdefs.h.  */
| #define PACKAGE_NAME "libupnp"
| #define PACKAGE_TARNAME "libupnp"
| #define PACKAGE_VERSION "1.6.19"
| #define PACKAGE_STRING "libupnp 1.6.19"
| #define PACKAGE_BUGREPORT "mroberto@users.sourceforge.net"
| #define PACKAGE "libupnp"
| #define VERSION "1.6.19"
| #define UPNP_VERSION_STRING "1.6.19"
| #define UPNP_VERSION_MAJOR 1
| #define UPNP_VERSION_MINOR 6
| #define UPNP_VERSION_PATCH 19
| #define NO_DEBUG 1
| #define NDEBUG 1
| #define UPNP_HAVE_CLIENT 1
| #define UPNP_HAVE_DEVICE 1
| #define UPNP_HAVE_WEBSERVER 1
| #define UPNP_HAVE_SSDP 1
| #define UPNP_HAVE_OPTSSDP 1
| #define UPNP_HAVE_SOAP 1
| #define UPNP_HAVE_GENA 1
| #define UPNP_HAVE_TOOLS 1
| #define UPNP_ENABLE_NOTIFICATION_REORDERING 1
| #define UPNP_ENABLE_BLOCKING_TCP_CONNECTIONS 1
| #define STDC_HEADERS 1
| #define HAVE_SYS_TYPES_H 1
| #define HAVE_SYS_STAT_H 1
| #define HAVE_STDLIB_H 1
| #define HAVE_STRING_H 1
| #define HAVE_MEMORY_H 1
| #define HAVE_STRINGS_H 1
| #define HAVE_INTTYPES_H 1
| #define HAVE_STDINT_H 1
| #define HAVE_UNISTD_H 1
| #define HAVE_DLFCN_H 1
| #define LT_OBJDIR ".libs/"
| #define _LARGE_FILE_SOURCE /**/
| #define _FILE_OFFSET_BITS 64
| #define STDC_HEADERS 1
| #define HAVE_ARPA_INET_H 1
| #define HAVE_FCNTL_H 1
| #define HAVE_INTTYPES_H 1
| #define HAVE_LIMITS_H 1
| #define HAVE_NETDB_H 1
| #define HAVE_NETINET_IN_H 1
| #define HAVE_STDLIB_H 1
| #define HAVE_STRING_H 1
| #define HAVE_SYS_IOCTL_H 1
| #define HAVE_SYS_SOCKET_H 1
| #define HAVE_SYS_TIME_H 1
| #define HAVE_SYSLOG_H 1
| #define HAVE_UNISTD_H 1
| #define HAVE_SYS_TYPES_H 1
| #define HAVE_SYS_SOCKET_H 1
| /* end confdefs.h.  */
| #include <stdio.h>
| #ifdef HAVE_SYS_TYPES_H
| # include <sys/types.h>
| #endif
| #ifdef HAVE_SYS_STAT_H
| # include <sys/stat.h>
| #endif
| #ifdef STDC_HEADERS
| # include <stdlib.h>
| # include <stddef.h>
| #else
| # ifdef HAVE_STDLIB_H
| #  include <stdlib.h>
| # endif
| #endif
| #ifdef HAVE_STRING_H
| # if !defined STDC_HEADERS && defined HAVE_MEMORY_H
| #  include <memory.h>
| # endif
| # include <string.h>
| #endif
| #ifdef HAVE_STRINGS_H
| # include <strings.h>
| #endif
| #ifdef HAVE_INTTYPES_H
| # include <inttypes.h>
| #endif
| #ifdef HAVE_STDINT_H
| # include <stdint.h>
| #endif
| #ifdef HAVE_UNISTD_H
| # include <unistd.h>
| #endif
| #include <ws2tcpip.h>
configure:14203: result: no
configure:14207: checking ws2tcpip.h presence
configure:14222: mips-linux-gcc -E  conftest.c
conftest.c:56:22: error: ws2tcpip.h: No such file or directory
configure:14229: $? = 1
configure: failed program was:
| /* confdefs.h.  */
| #define PACKAGE_NAME "libupnp"
| #define PACKAGE_TARNAME "libupnp"
| #define PACKAGE_VERSION "1.6.19"
| #define PACKAGE_STRING "libupnp 1.6.19"
| #define PACKAGE_BUGREPORT "mroberto@users.sourceforge.net"
| #define PACKAGE "libupnp"
| #define VERSION "1.6.19"
| #define UPNP_VERSION_STRING "1.6.19"
| #define UPNP_VERSION_MAJOR 1
| #define UPNP_VERSION_MINOR 6
| #define UPNP_VERSION_PATCH 19
| #define NO_DEBUG 1
| #define NDEBUG 1
| #define UPNP_HAVE_CLIENT 1
| #define UPNP_HAVE_DEVICE 1
| #define UPNP_HAVE_WEBSERVER 1
| #define UPNP_HAVE_SSDP 1
| #define UPNP_HAVE_OPTSSDP 1
| #define UPNP_HAVE_SOAP 1
| #define UPNP_HAVE_GENA 1
| #define UPNP_HAVE_TOOLS 1
| #define UPNP_ENABLE_NOTIFICATION_REORDERING 1
| #define UPNP_ENABLE_BLOCKING_TCP_CONNECTIONS 1
| #define STDC_HEADERS 1
| #define HAVE_SYS_TYPES_H 1
| #define HAVE_SYS_STAT_H 1
| #define HAVE_STDLIB_H 1
| #define HAVE_STRING_H 1
| #define HAVE_MEMORY_H 1
| #define HAVE_STRINGS_H 1
| #define HAVE_INTTYPES_H 1
| #define HAVE_STDINT_H 1
| #define HAVE_UNISTD_H 1
| #define HAVE_DLFCN_H 1
| #define LT_OBJDIR ".libs/"
| #define _LARGE_FILE_SOURCE /**/
| #define _FILE_OFFSET_BITS 64
| #define STDC_HEADERS 1
| #define HAVE_ARPA_INET_H 1
| #define HAVE_FCNTL_H 1
| #define HAVE_INTTYPES_H 1
| #define HAVE_LIMITS_H 1
| #define HAVE_NETDB_H 1
| #define HAVE_NETINET_IN_H 1
| #define HAVE_STDLIB_H 1
| #define HAVE_STRING_H 1
| #define HAVE_SYS_IOCTL_H 1
| #define HAVE_SYS_SOCKET_H 1
| #define HAVE_SYS_TIME_H 1
| #define HAVE_SYSLOG_H 1
| #define HAVE_UNISTD_H 1
| #define HAVE_SYS_TYPES_H 1
| #define HAVE_SYS_SOCKET_H 1
| /* end confdefs.h.  */
| #include <ws2tcpip.h>
configure:14243: result: no
configure:14276: checking for ws2tcpip.h
configure:14285: result: no
configure:14300: checking for socklen_t
configure:14334: mips-linux-gcc -c -g -O2 -Os -Wall  conftest.c >&5
configure:14341: $? = 0
configure:14356: result: yes
configure:14376: checking for vprintf
configure:14432: mips-linux-gcc -o conftest -g -O2 -Os -Wall   conftest.c  >&5
conftest.c:79: warning: conflicting types for built-in function 'vprintf'
configure:14439: $? = 0
configure:14461: result: yes
configure:14470: checking for _doprnt
configure:14526: mips-linux-gcc -o conftest -g -O2 -Os -Wall   conftest.c  >&5
/tmp/ccWYSDoN.o: In function `main':
/root/pisen/svn/WPR003N/apps/dmr/mrender/libupnp-1.6.19/conftest.c:91: undefined reference to `_doprnt'
collect2: ld returned 1 exit status
configure:14533: $? = 1
configure: failed program was:
| /* confdefs.h.  */
| #define PACKAGE_NAME "libupnp"
| #define PACKAGE_TARNAME "libupnp"
| #define PACKAGE_VERSION "1.6.19"
| #define PACKAGE_STRING "libupnp 1.6.19"
| #define PACKAGE_BUGREPORT "mroberto@users.sourceforge.net"
| #define PACKAGE "libupnp"
| #define VERSION "1.6.19"
| #define UPNP_VERSION_STRING "1.6.19"
| #define UPNP_VERSION_MAJOR 1
| #define UPNP_VERSION_MINOR 6
| #define UPNP_VERSION_PATCH 19
| #define NO_DEBUG 1
| #define NDEBUG 1
| #define UPNP_HAVE_CLIENT 1
| #define UPNP_HAVE_DEVICE 1
| #define UPNP_HAVE_WEBSERVER 1
| #define UPNP_HAVE_SSDP 1
| #define UPNP_HAVE_OPTSSDP 1
| #define UPNP_HAVE_SOAP 1
| #define UPNP_HAVE_GENA 1
| #define UPNP_HAVE_TOOLS 1
| #define UPNP_ENABLE_NOTIFICATION_REORDERING 1
| #define UPNP_ENABLE_BLOCKING_TCP_CONNECTIONS 1
| #define STDC_HEADERS 1
| #define HAVE_SYS_TYPES_H 1
| #define HAVE_SYS_STAT_H 1
| #define HAVE_STDLIB_H 1
| #define HAVE_STRING_H 1
| #define HAVE_MEMORY_H 1
| #define HAVE_STRINGS_H 1
| #define HAVE_INTTYPES_H 1
| #define HAVE_STDINT_H 1
| #define HAVE_UNISTD_H 1
| #define HAVE_DLFCN_H 1
| #define LT_OBJDIR ".libs/"
| #define _LARGE_FILE_SOURCE /**/
| #define _FILE_OFFSET_BITS 64
| #define STDC_HEADERS 1
| #define HAVE_ARPA_INET_H 1
| #define HAVE_FCNTL_H 1
| #define HAVE_INTTYPES_H 1
| #define HAVE_LIMITS_H 1
| #define HAVE_NETDB_H 1
| #define HAVE_NETINET_IN_H 1
| #define HAVE_STDLIB_H 1
| #define HAVE_STRING_H 1
| #define HAVE_SYS_IOCTL_H 1
| #define HAVE_SYS_SOCKET_H 1
| #define HAVE_SYS_TIME_H 1
| #define HAVE_SYSLOG_H 1
| #define HAVE_UNISTD_H 1
| #define HAVE_SYS_TYPES_H 1
| #define HAVE_SYS_SOCKET_H 1
| #define HAVE_VPRINTF 1
| /* end confdefs.h.  */
| /* Define _doprnt to an innocuous variant, in case <limits.h> declares _doprnt.
|    For example, HP-UX 11i <limits.h> declares gettimeofday.  */
| #define _doprnt innocuous__doprnt
| 
| /* System header to define __stub macros and hopefully few prototypes,
|     which can conflict with char _doprnt (); below.
|     Prefer <limits.h> to <assert.h> if __STDC__ is defined, since
|     <limits.h> exists even on freestanding compilers.  */
| 
| #ifdef __STDC__
| # include <limits.h>
| #else
| # include <assert.h>
| #endif
| 
| #undef _doprnt
| 
| /* Override any GCC internal prototype to avoid an error.
|    Use char because int might match the return type of a GCC
|    builtin and then its argument prototype would still apply.  */
| #ifdef __cplusplus
| extern "C"
| #endif
| char _doprnt ();
| /* The GNU C library defines this for functions which it implements
|     to always fail with ENOSYS.  Some functions are actually named
|     something starting with __ and the normal name is an alias.  */
| #if defined __stub__doprnt || defined __stub____doprnt
| choke me
| #endif
| 
| int
| main ()
| {
| return _doprnt ();
|   ;
|   return 0;
| }
configure:14553: result: no
configure:14567: checking for _LARGEFILE_SOURCE value needed for large files
configure:14596: mips-linux-gcc -o conftest -g -O2 -Os -Wall   conftest.c  >&5
conftest.c: In function 'main':
conftest.c:62: error: 'fseeko' undeclared (first use in this function)
conftest.c:62: error: (Each undeclared identifier is reported only once
conftest.c:62: error: for each function it appears in.)
conftest.c:63: warning: implicit declaration of function 'fseeko'
configure:14603: $? = 1
configure: failed program was:
| /* confdefs.h.  */
| #define PACKAGE_NAME "libupnp"
| #define PACKAGE_TARNAME "libupnp"
| #define PACKAGE_VERSION "1.6.19"
| #define PACKAGE_STRING "libupnp 1.6.19"
| #define PACKAGE_BUGREPORT "mroberto@users.sourceforge.net"
| #define PACKAGE "libupnp"
| #define VERSION "1.6.19"
| #define UPNP_VERSION_STRING "1.6.19"
| #define UPNP_VERSION_MAJOR 1
| #define UPNP_VERSION_MINOR 6
| #define UPNP_VERSION_PATCH 19
| #define NO_DEBUG 1
| #define NDEBUG 1
| #define UPNP_HAVE_CLIENT 1
| #define UPNP_HAVE_DEVICE 1
| #define UPNP_HAVE_WEBSERVER 1
| #define UPNP_HAVE_SSDP 1
| #define UPNP_HAVE_OPTSSDP 1
| #define UPNP_HAVE_SOAP 1
| #define UPNP_HAVE_GENA 1
| #define UPNP_HAVE_TOOLS 1
| #define UPNP_ENABLE_NOTIFICATION_REORDERING 1
| #define UPNP_ENABLE_BLOCKING_TCP_CONNECTIONS 1
| #define STDC_HEADERS 1
| #define HAVE_SYS_TYPES_H 1
| #define HAVE_SYS_STAT_H 1
| #define HAVE_STDLIB_H 1
| #define HAVE_STRING_H 1
| #define HAVE_MEMORY_H 1
| #define HAVE_STRINGS_H 1
| #define HAVE_INTTYPES_H 1
| #define HAVE_STDINT_H 1
| #define HAVE_UNISTD_H 1
| #define HAVE_DLFCN_H 1
| #define LT_OBJDIR ".libs/"
| #define _LARGE_FILE_SOURCE /**/
| #define _FILE_OFFSET_BITS 64
| #define STDC_HEADERS 1
| #define HAVE_ARPA_INET_H 1
| #define HAVE_FCNTL_H 1
| #define HAVE_INTTYPES_H 1
| #define HAVE_LIMITS_H 1
| #define HAVE_NETDB_H 1
| #define HAVE_NETINET_IN_H 1
| #define HAVE_STDLIB_H 1
| #define HAVE_STRING_H 1
| #define HAVE_SYS_IOCTL_H 1
| #define HAVE_SYS_SOCKET_H 1
| #define HAVE_SYS_TIME_H 1
| #define HAVE_SYSLOG_H 1
| #define HAVE_UNISTD_H 1
| #define HAVE_SYS_TYPES_H 1
| #define HAVE_SYS_SOCKET_H 1
| #define HAVE_VPRINTF 1
| /* end confdefs.h.  */
| #include <sys/types.h> /* for off_t */
|      #include <stdio.h>
| int
| main ()
| {
| int (*fp) (FILE *, off_t, int) = fseeko;
|      return fseeko (stdin, 0, 0) && fp (stdin, 0, 0);
|   ;
|   return 0;
| }
configure:14646: mips-linux-gcc -o conftest -g -O2 -Os -Wall   conftest.c  >&5
configure:14653: $? = 0
configure:14676: result: 1
configure:14699: checking for strnlen
configure:14755: mips-linux-gcc -o conftest -g -O2 -Os -Wall   conftest.c  >&5
configure:14762: $? = 0
configure:14782: result: yes
configure:14792: checking for strndup
configure:14848: mips-linux-gcc -o conftest -g -O2 -Os -Wall   conftest.c  >&5
conftest.c:83: warning: conflicting types for built-in function 'strndup'
configure:14855: $? = 0
configure:14875: result: yes
configure:14887: checking for library containing bind
configure:14928: mips-linux-gcc -o conftest -g -O2 -Os -Wall   conftest.c  >&5
configure:14935: $? = 0
configure:14966: result: none required
configure:14974: checking for library containing gethostbyname
configure:15015: mips-linux-gcc -o conftest -g -O2 -Os -Wall   conftest.c  >&5
configure:15022: $? = 0
configure:15053: result: none required
configure:15061: checking for library containing sched_getparam
configure:15102: mips-linux-gcc -o conftest -g -O2 -Os -Wall   conftest.c  >&5
configure:15109: $? = 0
configure:15140: result: none required
configure:15350: checking for the pthreads library -lpthreads
configure:15393: mips-linux-gcc -o conftest -g -O2 -Os -Wall    conftest.c -lpthreads  >&5
conftest.c: In function 'main':
conftest.c:65: warning: 'th' is used uninitialized in this function
/root/pisen/svn/WPR003N/build/gcc-4.3.3/build_mips/staging_dir/usr/bin-ccache/../lib/gcc/mips-linux-uclibc/4.3.3/../../../../mips-linux-uclibc/bin/ld: cannot find -lpthreads
collect2: ld returned 1 exit status
configure:15400: $? = 1
configure: failed program was:
| /* confdefs.h.  */
| #define PACKAGE_NAME "libupnp"
| #define PACKAGE_TARNAME "libupnp"
| #define PACKAGE_VERSION "1.6.19"
| #define PACKAGE_STRING "libupnp 1.6.19"
| #define PACKAGE_BUGREPORT "mroberto@users.sourceforge.net"
| #define PACKAGE "libupnp"
| #define VERSION "1.6.19"
| #define UPNP_VERSION_STRING "1.6.19"
| #define UPNP_VERSION_MAJOR 1
| #define UPNP_VERSION_MINOR 6
| #define UPNP_VERSION_PATCH 19
| #define NO_DEBUG 1
| #define NDEBUG 1
| #define UPNP_HAVE_CLIENT 1
| #define UPNP_HAVE_DEVICE 1
| #define UPNP_HAVE_WEBSERVER 1
| #define UPNP_HAVE_SSDP 1
| #define UPNP_HAVE_OPTSSDP 1
| #define UPNP_HAVE_SOAP 1
| #define UPNP_HAVE_GENA 1
| #define UPNP_HAVE_TOOLS 1
| #define UPNP_ENABLE_NOTIFICATION_REORDERING 1
| #define UPNP_ENABLE_BLOCKING_TCP_CONNECTIONS 1
| #define STDC_HEADERS 1
| #define HAVE_SYS_TYPES_H 1
| #define HAVE_SYS_STAT_H 1
| #define HAVE_STDLIB_H 1
| #define HAVE_STRING_H 1
| #define HAVE_MEMORY_H 1
| #define HAVE_STRINGS_H 1
| #define HAVE_INTTYPES_H 1
| #define HAVE_STDINT_H 1
| #define HAVE_UNISTD_H 1
| #define HAVE_DLFCN_H 1
| #define LT_OBJDIR ".libs/"
| #define _LARGE_FILE_SOURCE /**/
| #define _FILE_OFFSET_BITS 64
| #define STDC_HEADERS 1
| #define HAVE_ARPA_INET_H 1
| #define HAVE_FCNTL_H 1
| #define HAVE_INTTYPES_H 1
| #define HAVE_LIMITS_H 1
| #define HAVE_NETDB_H 1
| #define HAVE_NETINET_IN_H 1
| #define HAVE_STDLIB_H 1
| #define HAVE_STRING_H 1
| #define HAVE_SYS_IOCTL_H 1
| #define HAVE_SYS_SOCKET_H 1
| #define HAVE_SYS_TIME_H 1
| #define HAVE_SYSLOG_H 1
| #define HAVE_UNISTD_H 1
| #define HAVE_SYS_TYPES_H 1
| #define HAVE_SYS_SOCKET_H 1
| #define HAVE_VPRINTF 1
| #define _LARGEFILE_SOURCE 1
| #define HAVE_FSEEKO 1
| #define HAVE_STRNLEN 1
| #define HAVE_STRNDUP 1
| /* end confdefs.h.  */
| #include <pthread.h>
| int
| main ()
| {
| pthread_t th; pthread_join(th, 0);
|                      pthread_attr_init(0); pthread_cleanup_push(0, 0);
|                      pthread_create(0,0,0,0); pthread_cleanup_pop(0);
|   ;
|   return 0;
| }
configure:15423: result: no
configure:15295: checking whether pthreads work without any flags
configure:15393: mips-linux-gcc -o conftest -g -O2 -Os -Wall    conftest.c   >&5
conftest.c: In function 'main':
conftest.c:65: warning: 'th' is used uninitialized in this function
/tmp/cc0n89Zb.o: In function `main':
/root/pisen/svn/WPR003N/apps/dmr/mrender/libupnp-1.6.19/conftest.c:65: undefined reference to `pthread_join'
/root/pisen/svn/WPR003N/apps/dmr/mrender/libupnp-1.6.19/conftest.c:67: undefined reference to `pthread_create'
collect2: ld returned 1 exit status
configure:15400: $? = 1
configure: failed program was:
| /* confdefs.h.  */
| #define PACKAGE_NAME "libupnp"
| #define PACKAGE_TARNAME "libupnp"
| #define PACKAGE_VERSION "1.6.19"
| #define PACKAGE_STRING "libupnp 1.6.19"
| #define PACKAGE_BUGREPORT "mroberto@users.sourceforge.net"
| #define PACKAGE "libupnp"
| #define VERSION "1.6.19"
| #define UPNP_VERSION_STRING "1.6.19"
| #define UPNP_VERSION_MAJOR 1
| #define UPNP_VERSION_MINOR 6
| #define UPNP_VERSION_PATCH 19
| #define NO_DEBUG 1
| #define NDEBUG 1
| #define UPNP_HAVE_CLIENT 1
| #define UPNP_HAVE_DEVICE 1
| #define UPNP_HAVE_WEBSERVER 1
| #define UPNP_HAVE_SSDP 1
| #define UPNP_HAVE_OPTSSDP 1
| #define UPNP_HAVE_SOAP 1
| #define UPNP_HAVE_GENA 1
| #define UPNP_HAVE_TOOLS 1
| #define UPNP_ENABLE_NOTIFICATION_REORDERING 1
| #define UPNP_ENABLE_BLOCKING_TCP_CONNECTIONS 1
| #define STDC_HEADERS 1
| #define HAVE_SYS_TYPES_H 1
| #define HAVE_SYS_STAT_H 1
| #define HAVE_STDLIB_H 1
| #define HAVE_STRING_H 1
| #define HAVE_MEMORY_H 1
| #define HAVE_STRINGS_H 1
| #define HAVE_INTTYPES_H 1
| #define HAVE_STDINT_H 1
| #define HAVE_UNISTD_H 1
| #define HAVE_DLFCN_H 1
| #define LT_OBJDIR ".libs/"
| #define _LARGE_FILE_SOURCE /**/
| #define _FILE_OFFSET_BITS 64
| #define STDC_HEADERS 1
| #define HAVE_ARPA_INET_H 1
| #define HAVE_FCNTL_H 1
| #define HAVE_INTTYPES_H 1
| #define HAVE_LIMITS_H 1
| #define HAVE_NETDB_H 1
| #define HAVE_NETINET_IN_H 1
| #define HAVE_STDLIB_H 1
| #define HAVE_STRING_H 1
| #define HAVE_SYS_IOCTL_H 1
| #define HAVE_SYS_SOCKET_H 1
| #define HAVE_SYS_TIME_H 1
| #define HAVE_SYSLOG_H 1
| #define HAVE_UNISTD_H 1
| #define HAVE_SYS_TYPES_H 1
| #define HAVE_SYS_SOCKET_H 1
| #define HAVE_VPRINTF 1
| #define _LARGEFILE_SOURCE 1
| #define HAVE_FSEEKO 1
| #define HAVE_STRNLEN 1
| #define HAVE_STRNDUP 1
| /* end confdefs.h.  */
| #include <pthread.h>
| int
| main ()
| {
| pthread_t th; pthread_join(th, 0);
|                      pthread_attr_init(0); pthread_cleanup_push(0, 0);
|                      pthread_create(0,0,0,0); pthread_cleanup_pop(0);
|   ;
|   return 0;
| }
configure:15423: result: no
configure:15300: checking whether pthreads work with -Kthread
configure:15393: mips-linux-gcc -o conftest -g -O2 -Os -Wall -Kthread   conftest.c   >&5
mips-linux-gcc: unrecognized option '-Kthread'
conftest.c: In function 'main':
conftest.c:65: warning: 'th' is used uninitialized in this function
/tmp/cc5rAv9h.o: In function `main':
/root/pisen/svn/WPR003N/apps/dmr/mrender/libupnp-1.6.19/conftest.c:65: undefined reference to `pthread_join'
/root/pisen/svn/WPR003N/apps/dmr/mrender/libupnp-1.6.19/conftest.c:67: undefined reference to `pthread_create'
collect2: ld returned 1 exit status
configure:15400: $? = 1
configure: failed program was:
| /* confdefs.h.  */
| #define PACKAGE_NAME "libupnp"
| #define PACKAGE_TARNAME "libupnp"
| #define PACKAGE_VERSION "1.6.19"
| #define PACKAGE_STRING "libupnp 1.6.19"
| #define PACKAGE_BUGREPORT "mroberto@users.sourceforge.net"
| #define PACKAGE "libupnp"
| #define VERSION "1.6.19"
| #define UPNP_VERSION_STRING "1.6.19"
| #define UPNP_VERSION_MAJOR 1
| #define UPNP_VERSION_MINOR 6
| #define UPNP_VERSION_PATCH 19
| #define NO_DEBUG 1
| #define NDEBUG 1
| #define UPNP_HAVE_CLIENT 1
| #define UPNP_HAVE_DEVICE 1
| #define UPNP_HAVE_WEBSERVER 1
| #define UPNP_HAVE_SSDP 1
| #define UPNP_HAVE_OPTSSDP 1
| #define UPNP_HAVE_SOAP 1
| #define UPNP_HAVE_GENA 1
| #define UPNP_HAVE_TOOLS 1
| #define UPNP_ENABLE_NOTIFICATION_REORDERING 1
| #define UPNP_ENABLE_BLOCKING_TCP_CONNECTIONS 1
| #define STDC_HEADERS 1
| #define HAVE_SYS_TYPES_H 1
| #define HAVE_SYS_STAT_H 1
| #define HAVE_STDLIB_H 1
| #define HAVE_STRING_H 1
| #define HAVE_MEMORY_H 1
| #define HAVE_STRINGS_H 1
| #define HAVE_INTTYPES_H 1
| #define HAVE_STDINT_H 1
| #define HAVE_UNISTD_H 1
| #define HAVE_DLFCN_H 1
| #define LT_OBJDIR ".libs/"
| #define _LARGE_FILE_SOURCE /**/
| #define _FILE_OFFSET_BITS 64
| #define STDC_HEADERS 1
| #define HAVE_ARPA_INET_H 1
| #define HAVE_FCNTL_H 1
| #define HAVE_INTTYPES_H 1
| #define HAVE_LIMITS_H 1
| #define HAVE_NETDB_H 1
| #define HAVE_NETINET_IN_H 1
| #define HAVE_STDLIB_H 1
| #define HAVE_STRING_H 1
| #define HAVE_SYS_IOCTL_H 1
| #define HAVE_SYS_SOCKET_H 1
| #define HAVE_SYS_TIME_H 1
| #define HAVE_SYSLOG_H 1
| #define HAVE_UNISTD_H 1
| #define HAVE_SYS_TYPES_H 1
| #define HAVE_SYS_SOCKET_H 1
| #define HAVE_VPRINTF 1
| #define _LARGEFILE_SOURCE 1
| #define HAVE_FSEEKO 1
| #define HAVE_STRNLEN 1
| #define HAVE_STRNDUP 1
| /* end confdefs.h.  */
| #include <pthread.h>
| int
| main ()
| {
| pthread_t th; pthread_join(th, 0);
|                      pthread_attr_init(0); pthread_cleanup_push(0, 0);
|                      pthread_create(0,0,0,0); pthread_cleanup_pop(0);
|   ;
|   return 0;
| }
configure:15423: result: no
configure:15300: checking whether pthreads work with -kthread
configure:15393: mips-linux-gcc -o conftest -g -O2 -Os -Wall -kthread   conftest.c   >&5
mips-linux-gcc: unrecognized option '-kthread'
conftest.c: In function 'main':
conftest.c:65: warning: 'th' is used uninitialized in this function
/tmp/ccRU5QWj.o: In function `main':
/root/pisen/svn/WPR003N/apps/dmr/mrender/libupnp-1.6.19/conftest.c:65: undefined reference to `pthread_join'
/root/pisen/svn/WPR003N/apps/dmr/mrender/libupnp-1.6.19/conftest.c:67: undefined reference to `pthread_create'
collect2: ld returned 1 exit status
configure:15400: $? = 1
configure: failed program was:
| /* confdefs.h.  */
| #define PACKAGE_NAME "libupnp"
| #define PACKAGE_TARNAME "libupnp"
| #define PACKAGE_VERSION "1.6.19"
| #define PACKAGE_STRING "libupnp 1.6.19"
| #define PACKAGE_BUGREPORT "mroberto@users.sourceforge.net"
| #define PACKAGE "libupnp"
| #define VERSION "1.6.19"
| #define UPNP_VERSION_STRING "1.6.19"
| #define UPNP_VERSION_MAJOR 1
| #define UPNP_VERSION_MINOR 6
| #define UPNP_VERSION_PATCH 19
| #define NO_DEBUG 1
| #define NDEBUG 1
| #define UPNP_HAVE_CLIENT 1
| #define UPNP_HAVE_DEVICE 1
| #define UPNP_HAVE_WEBSERVER 1
| #define UPNP_HAVE_SSDP 1
| #define UPNP_HAVE_OPTSSDP 1
| #define UPNP_HAVE_SOAP 1
| #define UPNP_HAVE_GENA 1
| #define UPNP_HAVE_TOOLS 1
| #define UPNP_ENABLE_NOTIFICATION_REORDERING 1
| #define UPNP_ENABLE_BLOCKING_TCP_CONNECTIONS 1
| #define STDC_HEADERS 1
| #define HAVE_SYS_TYPES_H 1
| #define HAVE_SYS_STAT_H 1
| #define HAVE_STDLIB_H 1
| #define HAVE_STRING_H 1
| #define HAVE_MEMORY_H 1
| #define HAVE_STRINGS_H 1
| #define HAVE_INTTYPES_H 1
| #define HAVE_STDINT_H 1
| #define HAVE_UNISTD_H 1
| #define HAVE_DLFCN_H 1
| #define LT_OBJDIR ".libs/"
| #define _LARGE_FILE_SOURCE /**/
| #define _FILE_OFFSET_BITS 64
| #define STDC_HEADERS 1
| #define HAVE_ARPA_INET_H 1
| #define HAVE_FCNTL_H 1
| #define HAVE_INTTYPES_H 1
| #define HAVE_LIMITS_H 1
| #define HAVE_NETDB_H 1
| #define HAVE_NETINET_IN_H 1
| #define HAVE_STDLIB_H 1
| #define HAVE_STRING_H 1
| #define HAVE_SYS_IOCTL_H 1
| #define HAVE_SYS_SOCKET_H 1
| #define HAVE_SYS_TIME_H 1
| #define HAVE_SYSLOG_H 1
| #define HAVE_UNISTD_H 1
| #define HAVE_SYS_TYPES_H 1
| #define HAVE_SYS_SOCKET_H 1
| #define HAVE_VPRINTF 1
| #define _LARGEFILE_SOURCE 1
| #define HAVE_FSEEKO 1
| #define HAVE_STRNLEN 1
| #define HAVE_STRNDUP 1
| /* end confdefs.h.  */
| #include <pthread.h>
| int
| main ()
| {
| pthread_t th; pthread_join(th, 0);
|                      pthread_attr_init(0); pthread_cleanup_push(0, 0);
|                      pthread_create(0,0,0,0); pthread_cleanup_pop(0);
|   ;
|   return 0;
| }
configure:15423: result: no
configure:15350: checking for the pthreads library -llthread
configure:15393: mips-linux-gcc -o conftest -g -O2 -Os -Wall    conftest.c -llthread  >&5
conftest.c: In function 'main':
conftest.c:65: warning: 'th' is used uninitialized in this function
/root/pisen/svn/WPR003N/build/gcc-4.3.3/build_mips/staging_dir/usr/bin-ccache/../lib/gcc/mips-linux-uclibc/4.3.3/../../../../mips-linux-uclibc/bin/ld: cannot find -llthread
collect2: ld returned 1 exit status
configure:15400: $? = 1
configure: failed program was:
| /* confdefs.h.  */
| #define PACKAGE_NAME "libupnp"
| #define PACKAGE_TARNAME "libupnp"
| #define PACKAGE_VERSION "1.6.19"
| #define PACKAGE_STRING "libupnp 1.6.19"
| #define PACKAGE_BUGREPORT "mroberto@users.sourceforge.net"
| #define PACKAGE "libupnp"
| #define VERSION "1.6.19"
| #define UPNP_VERSION_STRING "1.6.19"
| #define UPNP_VERSION_MAJOR 1
| #define UPNP_VERSION_MINOR 6
| #define UPNP_VERSION_PATCH 19
| #define NO_DEBUG 1
| #define NDEBUG 1
| #define UPNP_HAVE_CLIENT 1
| #define UPNP_HAVE_DEVICE 1
| #define UPNP_HAVE_WEBSERVER 1
| #define UPNP_HAVE_SSDP 1
| #define UPNP_HAVE_OPTSSDP 1
| #define UPNP_HAVE_SOAP 1
| #define UPNP_HAVE_GENA 1
| #define UPNP_HAVE_TOOLS 1
| #define UPNP_ENABLE_NOTIFICATION_REORDERING 1
| #define UPNP_ENABLE_BLOCKING_TCP_CONNECTIONS 1
| #define STDC_HEADERS 1
| #define HAVE_SYS_TYPES_H 1
| #define HAVE_SYS_STAT_H 1
| #define HAVE_STDLIB_H 1
| #define HAVE_STRING_H 1
| #define HAVE_MEMORY_H 1
| #define HAVE_STRINGS_H 1
| #define HAVE_INTTYPES_H 1
| #define HAVE_STDINT_H 1
| #define HAVE_UNISTD_H 1
| #define HAVE_DLFCN_H 1
| #define LT_OBJDIR ".libs/"
| #define _LARGE_FILE_SOURCE /**/
| #define _FILE_OFFSET_BITS 64
| #define STDC_HEADERS 1
| #define HAVE_ARPA_INET_H 1
| #define HAVE_FCNTL_H 1
| #define HAVE_INTTYPES_H 1
| #define HAVE_LIMITS_H 1
| #define HAVE_NETDB_H 1
| #define HAVE_NETINET_IN_H 1
| #define HAVE_STDLIB_H 1
| #define HAVE_STRING_H 1
| #define HAVE_SYS_IOCTL_H 1
| #define HAVE_SYS_SOCKET_H 1
| #define HAVE_SYS_TIME_H 1
| #define HAVE_SYSLOG_H 1
| #define HAVE_UNISTD_H 1
| #define HAVE_SYS_TYPES_H 1
| #define HAVE_SYS_SOCKET_H 1
| #define HAVE_VPRINTF 1
| #define _LARGEFILE_SOURCE 1
| #define HAVE_FSEEKO 1
| #define HAVE_STRNLEN 1
| #define HAVE_STRNDUP 1
| /* end confdefs.h.  */
| #include <pthread.h>
| int
| main ()
| {
| pthread_t th; pthread_join(th, 0);
|                      pthread_attr_init(0); pthread_cleanup_push(0, 0);
|                      pthread_create(0,0,0,0); pthread_cleanup_pop(0);
|   ;
|   return 0;
| }
configure:15423: result: no
configure:15300: checking whether pthreads work with -pthread
configure:15393: mips-linux-gcc -o conftest -g -O2 -Os -Wall -pthread   conftest.c   >&5
conftest.c: In function 'main':
conftest.c:65: warning: 'th' is used uninitialized in this function
configure:15400: $? = 0
configure:15423: result: yes
configure:15442: checking for joinable pthread attribute
configure:15467: mips-linux-gcc -o conftest -g -O2 -Os -Wall -pthread   conftest.c   >&5
configure:15474: $? = 0
configure:15494: result: PTHREAD_CREATE_JOINABLE
configure:15504: checking if more special flags are required for pthreads
configure:15511: result: no
configure:15607: checking if pthread_rwlock_t is available
configure:15636: mips-linux-gcc -c -pthread -g -O2 -Os -Wall  conftest.c >&5
conftest.c: In function 'main':
conftest.c:66: error: 'pthread_rwlock_t' undeclared (first use in this function)
conftest.c:66: error: (Each undeclared identifier is reported only once
conftest.c:66: error: for each function it appears in.)
conftest.c:66: error: 'x' undeclared (first use in this function)
configure:15643: $? = 1
configure: failed program was:
| /* confdefs.h.  */
| #define PACKAGE_NAME "libupnp"
| #define PACKAGE_TARNAME "libupnp"
| #define PACKAGE_VERSION "1.6.19"
| #define PACKAGE_STRING "libupnp 1.6.19"
| #define PACKAGE_BUGREPORT "mroberto@users.sourceforge.net"
| #define PACKAGE "libupnp"
| #define VERSION "1.6.19"
| #define UPNP_VERSION_STRING "1.6.19"
| #define UPNP_VERSION_MAJOR 1
| #define UPNP_VERSION_MINOR 6
| #define UPNP_VERSION_PATCH 19
| #define NO_DEBUG 1
| #define NDEBUG 1
| #define UPNP_HAVE_CLIENT 1
| #define UPNP_HAVE_DEVICE 1
| #define UPNP_HAVE_WEBSERVER 1
| #define UPNP_HAVE_SSDP 1
| #define UPNP_HAVE_OPTSSDP 1
| #define UPNP_HAVE_SOAP 1
| #define UPNP_HAVE_GENA 1
| #define UPNP_HAVE_TOOLS 1
| #define UPNP_ENABLE_NOTIFICATION_REORDERING 1
| #define UPNP_ENABLE_BLOCKING_TCP_CONNECTIONS 1
| #define STDC_HEADERS 1
| #define HAVE_SYS_TYPES_H 1
| #define HAVE_SYS_STAT_H 1
| #define HAVE_STDLIB_H 1
| #define HAVE_STRING_H 1
| #define HAVE_MEMORY_H 1
| #define HAVE_STRINGS_H 1
| #define HAVE_INTTYPES_H 1
| #define HAVE_STDINT_H 1
| #define HAVE_UNISTD_H 1
| #define HAVE_DLFCN_H 1
| #define LT_OBJDIR ".libs/"
| #define _LARGE_FILE_SOURCE /**/
| #define _FILE_OFFSET_BITS 64
| #define STDC_HEADERS 1
| #define HAVE_ARPA_INET_H 1
| #define HAVE_FCNTL_H 1
| #define HAVE_INTTYPES_H 1
| #define HAVE_LIMITS_H 1
| #define HAVE_NETDB_H 1
| #define HAVE_NETINET_IN_H 1
| #define HAVE_STDLIB_H 1
| #define HAVE_STRING_H 1
| #define HAVE_SYS_IOCTL_H 1
| #define HAVE_SYS_SOCKET_H 1
| #define HAVE_SYS_TIME_H 1
| #define HAVE_SYSLOG_H 1
| #define HAVE_UNISTD_H 1
| #define HAVE_SYS_TYPES_H 1
| #define HAVE_SYS_SOCKET_H 1
| #define HAVE_VPRINTF 1
| #define _LARGEFILE_SOURCE 1
| #define HAVE_FSEEKO 1
| #define HAVE_STRNLEN 1
| #define HAVE_STRNDUP 1
| #define HAVE_PTHREAD 1
| /* end confdefs.h.  */
| #include <pthread.h>
| int
| main ()
| {
| pthread_rwlock_t *x;
|   ;
|   return 0;
| }
configure:15681: mips-linux-gcc -c -pthread -g -O2 -Os -Wall  conftest.c >&5
conftest.c: In function 'main':
conftest.c:67: warning: unused variable 'x'
configure:15688: $? = 0
configure:15699: result: yes, definition of _GNU_SOURCE required
configure:15825: checking that generated files are newer than configure
configure:15831: result: done
configure:15979: creating ./config.status

## ---------------------- ##
## Running config.status. ##
## ---------------------- ##

This file was extended by libupnp config.status 1.6.19, which was
generated by GNU Autoconf 2.63.  Invocation command line was

  CONFIG_FILES    = 
  CONFIG_HEADERS  = 
  CONFIG_LINKS    = 
  CONFIG_COMMANDS = 
  $ ./config.status 

on zxl.pisen

config.status:1089: creating Makefile
config.status:1089: creating ixml/Makefile
config.status:1089: creating ixml/doc/Makefile
config.status:1089: creating threadutil/Makefile
config.status:1089: creating upnp/Makefile
config.status:1089: creating upnp/doc/Makefile
config.status:1089: creating upnp/sample/Makefile
config.status:1089: creating docs/dist/Makefile
config.status:1089: creating libupnp.pc
config.status:1089: creating autoconfig.h
config.status:1311: autoconfig.h is unchanged
config.status:1089: creating upnp/inc/upnpconfig.h
config.status:1311: upnp/inc/upnpconfig.h is unchanged
config.status:1363: executing depfiles commands
config.status:1363: executing libtool commands

## ---------------- ##
## Cache variables. ##
## ---------------- ##

ac_cv_build=i686-pc-linux-gnu
ac_cv_c_compiler_gnu=yes
ac_cv_c_const=yes
ac_cv_cflags_gcc_option__Os=-Os
ac_cv_cflags_warn_all=-Wall
ac_cv_env_CC_set=
ac_cv_env_CC_value=
ac_cv_env_CFLAGS_set=
ac_cv_env_CFLAGS_value=
ac_cv_env_CPPFLAGS_set=
ac_cv_env_CPPFLAGS_value=
ac_cv_env_CPP_set=
ac_cv_env_CPP_value=
ac_cv_env_LDFLAGS_set=
ac_cv_env_LDFLAGS_value=
ac_cv_env_LIBS_set=
ac_cv_env_LIBS_value=
ac_cv_env_build_alias_set=set
ac_cv_env_build_alias_value=i686-linux
ac_cv_env_host_alias_set=set
ac_cv_env_host_alias_value=mips-linux
ac_cv_env_target_alias_set=
ac_cv_env_target_alias_value=
ac_cv_func__doprnt=no
ac_cv_func_strndup=yes
ac_cv_func_strnlen=yes
ac_cv_func_vprintf=yes
ac_cv_header_arpa_inet_h=yes
ac_cv_header_dlfcn_h=yes
ac_cv_header_fcntl_h=yes
ac_cv_header_inttypes_h=yes
ac_cv_header_limits_h=yes
ac_cv_header_memory_h=yes
ac_cv_header_netdb_h=yes
ac_cv_header_netinet_in_h=yes
ac_cv_header_stdc=yes
ac_cv_header_stdint_h=yes
ac_cv_header_stdlib_h=yes
ac_cv_header_string_h=yes
ac_cv_header_strings_h=yes
ac_cv_header_sys_ioctl_h=yes
ac_cv_header_sys_socket_h=yes
ac_cv_header_sys_stat_h=yes
ac_cv_header_sys_time_h=yes
ac_cv_header_sys_types_h=yes
ac_cv_header_syslog_h=yes
ac_cv_header_unistd_h=yes
ac_cv_header_ws2tcpip_h=no
ac_cv_host=mips-unknown-linux-gnu
ac_cv_objext=o
ac_cv_path_EGREP='/bin/grep -E'
ac_cv_path_FGREP='/bin/grep -F'
ac_cv_path_GREP=/bin/grep
ac_cv_path_SED=/bin/sed
ac_cv_path_install='/usr/bin/install -c'
ac_cv_path_mkdir=/bin/mkdir
ac_cv_prog_AR=mips-linux-ar
ac_cv_prog_AWK=gawk
ac_cv_prog_CC=mips-linux-gcc
ac_cv_prog_CPP='mips-linux-gcc -E'
ac_cv_prog_OBJDUMP=mips-linux-objdump
ac_cv_prog_RANLIB=mips-linux-ranlib
ac_cv_prog_STRIP=mips-linux-strip
ac_cv_prog_cc_c89=
ac_cv_prog_cc_g=yes
ac_cv_prog_cc_mips_linux_gcc_c_o=yes
ac_cv_prog_make_make_set=yes
ac_cv_search_bind='none required'
ac_cv_search_gethostbyname='none required'
ac_cv_search_sched_getparam='none required'
ac_cv_socklen_t=yes
ac_cv_sys_largefile_source=1
ac_cv_type_off_t=yes
ac_cv_type_size_t=yes
ac_cv_win32=no
am_cv_CC_dependencies_compiler_type=gcc3
am_cv_ar_interface=ar
lt_cv_ar_at_file=@
lt_cv_archive_cmds_need_lc=no
lt_cv_deplibs_check_method=pass_all
lt_cv_file_magic_cmd='$MAGIC_CMD'
lt_cv_file_magic_test_file=
lt_cv_ld_reload_flag=-r
lt_cv_nm_interface='BSD nm'
lt_cv_objdir=.libs
lt_cv_path_LD=/root/pisen/svn/WPR003N/build/gcc-4.3.3/build_mips/staging_dir/usr/mips-linux-uclibc/bin/ld
lt_cv_path_NM='/root/WPR003N/build/gcc-4.3.3/build_mips/staging_dir/usr/bin/mips-linux-nm -B'
lt_cv_path_mainfest_tool=no
lt_cv_prog_compiler_c_o=yes
lt_cv_prog_compiler_pic='-fPIC -DPIC'
lt_cv_prog_compiler_pic_works=yes
lt_cv_prog_compiler_rtti_exceptions=no
lt_cv_prog_compiler_static_works=yes
lt_cv_prog_gnu_ld=yes
lt_cv_sharedlib_from_linklib_cmd='printf %s\n'
lt_cv_shlibpath_overrides_runpath=no
lt_cv_sys_global_symbol_pipe='sed -n -e '\''s/^.*[	 ]\([ABCDGIRSTW][ABCDGIRSTW]*\)[	 ][	 ]*\([_A-Za-z][_A-Za-z0-9]*\)$/\1 \2 \2/p'\'' | sed '\''/ __gnu_lto/d'\'''
lt_cv_sys_global_symbol_to_c_name_address='sed -n -e '\''s/^: \([^ ]*\)[ ]*$/  {\"\1\", (void *) 0},/p'\'' -e '\''s/^[ABCDGIRSTW]* \([^ ]*\) \([^ ]*\)$/  {"\2", (void *) \&\2},/p'\'''
lt_cv_sys_global_symbol_to_c_name_address_lib_prefix='sed -n -e '\''s/^: \([^ ]*\)[ ]*$/  {\"\1\", (void *) 0},/p'\'' -e '\''s/^[ABCDGIRSTW]* \([^ ]*\) \(lib[^ ]*\)$/  {"\2", (void *) \&\2},/p'\'' -e '\''s/^[ABCDGIRSTW]* \([^ ]*\) \([^ ]*\)$/  {"lib\2", (void *) \&\2},/p'\'''
lt_cv_sys_global_symbol_to_cdecl='sed -n -e '\''s/^T .* \(.*\)$/extern int \1();/p'\'' -e '\''s/^[ABCDGIRSTW]* .* \(.*\)$/extern char \1;/p'\'''
lt_cv_sys_max_cmd_len=1966080
lt_cv_to_host_file_cmd=func_convert_file_noop
lt_cv_to_tool_file_cmd=func_convert_file_noop

## ----------------- ##
## Output variables. ##
## ----------------- ##

ACLOCAL='${SHELL} /root/pisen/svn/WPR003N/apps/dmr/mrender/libupnp-1.6.19/build-aux/missing --run aclocal-1.12'
AMDEPBACKSLASH='\'
AMDEP_FALSE='#'
AMDEP_TRUE=''
AMTAR='$${TAR-tar}'
AR='mips-linux-ar'
AUTOCONF='${SHELL} /root/pisen/svn/WPR003N/apps/dmr/mrender/libupnp-1.6.19/build-aux/missing --run autoconf'
AUTOHEADER='${SHELL} /root/pisen/svn/WPR003N/apps/dmr/mrender/libupnp-1.6.19/build-aux/missing --run autoheader'
AUTOMAKE='${SHELL} /root/pisen/svn/WPR003N/apps/dmr/mrender/libupnp-1.6.19/build-aux/missing --run automake-1.12'
AWK='gawk'
CC='mips-linux-gcc'
CCDEPMODE='depmode=gcc3'
CFLAGS='-pthread -g -O2 -Os -Wall'
CPP='mips-linux-gcc -E'
CPPFLAGS=' -D_GNU_SOURCE'
CYGPATH_W='echo'
DEFS='-DHAVE_CONFIG_H'
DEPDIR='.deps'
DLLTOOL='false'
DSYMUTIL=''
DUMPBIN=''
ECHO_C=''
ECHO_N='-n'
ECHO_T=''
EGREP='/bin/grep -E'
ENABLE_BLOCKING_TCP_CONNECTIONS_FALSE='#'
ENABLE_BLOCKING_TCP_CONNECTIONS_TRUE=''
ENABLE_CLIENT_FALSE='#'
ENABLE_CLIENT_TRUE=''
ENABLE_DEBUG_FALSE=''
ENABLE_DEBUG_TRUE='#'
ENABLE_DEVICE_FALSE='#'
ENABLE_DEVICE_TRUE=''
ENABLE_GENA_FALSE='#'
ENABLE_GENA_TRUE=''
ENABLE_IPV6_FALSE=''
ENABLE_IPV6_TRUE='#'
ENABLE_NOTIFICATION_REORDERING_FALSE='#'
ENABLE_NOTIFICATION_REORDERING_TRUE=''
ENABLE_OPTSSDP_FALSE='#'
ENABLE_OPTSSDP_TRUE=''
ENABLE_SAMPLES_FALSE='#'
ENABLE_SAMPLES_TRUE=''
ENABLE_SOAP_FALSE='#'
ENABLE_SOAP_TRUE=''
ENABLE_SSDP_FALSE='#'
ENABLE_SSDP_TRUE=''
ENABLE_TOOLS_FALSE='#'
ENABLE_TOOLS_TRUE=''
ENABLE_UNSPECIFIED_SERVER_FALSE=''
ENABLE_UNSPECIFIED_SERVER_TRUE='#'
ENABLE_UUID_FALSE='#'
ENABLE_UUID_TRUE=''
ENABLE_WEBSERVER_FALSE='#'
ENABLE_WEBSERVER_TRUE=''
EXEEXT=''
FGREP='/bin/grep -F'
GREP='/bin/grep'
INSTALL_DATA='${INSTALL} -m 644'
INSTALL_PROGRAM='${INSTALL}'
INSTALL_SCRIPT='${INSTALL}'
INSTALL_STRIP_PROGRAM='$(install_sh) -c -s'
LD='/root/pisen/svn/WPR003N/build/gcc-4.3.3/build_mips/staging_dir/usr/mips-linux-uclibc/bin/ld'
LDFLAGS=''
LIBOBJS=''
LIBS=' '
LIBTOOL='$(SHELL) $(top_builddir)/libtool'
LIPO=''
LN_S='ln -s'
LTLIBOBJS=''
LT_VERSION_IXML='2:8:0'
LT_VERSION_THREADUTIL='6:4:0'
LT_VERSION_UPNP='9:3:3'
MAKEINFO='${SHELL} /root/pisen/svn/WPR003N/apps/dmr/mrender/libupnp-1.6.19/build-aux/missing --run makeinfo'
MANIFEST_TOOL=':'
MKDIR_P='/bin/mkdir -p'
NM='/root/WPR003N/build/gcc-4.3.3/build_mips/staging_dir/usr/bin/mips-linux-nm -B'
NMEDIT=''
OBJDUMP='mips-linux-objdump'
OBJEXT='o'
OTOOL64=''
OTOOL=''
PACKAGE='libupnp'
PACKAGE_BUGREPORT='mroberto@users.sourceforge.net'
PACKAGE_NAME='libupnp'
PACKAGE_STRING='libupnp 1.6.19'
PACKAGE_TARNAME='libupnp'
PACKAGE_VERSION='1.6.19'
PATH_SEPARATOR=':'
PTHREAD_CC='mips-linux-gcc'
PTHREAD_CFLAGS='-pthread'
PTHREAD_LIBS=''
RANLIB='mips-linux-ranlib'
SED='/bin/sed'
SET_MAKE=''
SHELL='/bin/sh'
STRIP='mips-linux-strip'
VERSION='1.6.19'
WITH_DOCUMENTATION_FALSE=''
WITH_DOCUMENTATION_TRUE='#'
ac_ct_AR=''
ac_ct_CC=''
ac_ct_DUMPBIN=''
acx_pthread_config=''
am__EXEEXT_FALSE=''
am__EXEEXT_TRUE='#'
am__fastdepCC_FALSE='#'
am__fastdepCC_TRUE=''
am__include='include'
am__isrc=''
am__leading_dot='.'
am__nodep='_no'
am__quote=''
am__tar='$${TAR-tar} chof - "$$tardir"'
am__untar='$${TAR-tar} xf -'
bindir='${exec_prefix}/bin'
build='i686-pc-linux-gnu'
build_alias='i686-linux'
build_cpu='i686'
build_os='linux-gnu'
build_vendor='pc'
datadir='${datarootdir}'
datarootdir='${prefix}/share'
docdir='${datarootdir}/doc/libupnp-1.6.19'
dvidir='${docdir}'
exec_prefix='${prefix}'
host='mips-unknown-linux-gnu'
host_alias='mips-linux'
host_cpu='mips'
host_os='linux-gnu'
host_vendor='unknown'
htmldir='${docdir}'
includedir='${prefix}/include'
infodir='${datarootdir}/info'
install_sh='${SHELL} /root/pisen/svn/WPR003N/apps/dmr/mrender/libupnp-1.6.19/build-aux/install-sh'
libdir='${exec_prefix}/lib'
libexecdir='${exec_prefix}/libexec'
localedir='${datarootdir}/locale'
localstatedir='${prefix}/var'
mandir='${datarootdir}/man'
mkdir_p='/bin/mkdir -p'
oldincludedir='/usr/include'
pdfdir='${docdir}'
prefix='/root/pisen/svn/WPR003N/apps/dmr/mrender/gmediarender/libupnp'
program_transform_name='s,x,x,'
psdir='${docdir}'
sbindir='${exec_prefix}/sbin'
sharedstatedir='${prefix}/com'
sysconfdir='${prefix}/etc'
target_alias=''

## ----------- ##
## confdefs.h. ##
## ----------- ##

#define PACKAGE_NAME "libupnp"
#define PACKAGE_TARNAME "libupnp"
#define PACKAGE_VERSION "1.6.19"
#define PACKAGE_STRING "libupnp 1.6.19"
#define PACKAGE_BUGREPORT "mroberto@users.sourceforge.net"
#define PACKAGE "libupnp"
#define VERSION "1.6.19"
#define UPNP_VERSION_STRING "1.6.19"
#define UPNP_VERSION_MAJOR 1
#define UPNP_VERSION_MINOR 6
#define UPNP_VERSION_PATCH 19
#define NO_DEBUG 1
#define NDEBUG 1
#define UPNP_HAVE_CLIENT 1
#define UPNP_HAVE_DEVICE 1
#define UPNP_HAVE_WEBSERVER 1
#define UPNP_HAVE_SSDP 1
#define UPNP_HAVE_OPTSSDP 1
#define UPNP_HAVE_SOAP 1
#define UPNP_HAVE_GENA 1
#define UPNP_HAVE_TOOLS 1
#define UPNP_ENABLE_NOTIFICATION_REORDERING 1
#define UPNP_ENABLE_BLOCKING_TCP_CONNECTIONS 1
#define STDC_HEADERS 1
#define HAVE_SYS_TYPES_H 1
#define HAVE_SYS_STAT_H 1
#define HAVE_STDLIB_H 1
#define HAVE_STRING_H 1
#define HAVE_MEMORY_H 1
#define HAVE_STRINGS_H 1
#define HAVE_INTTYPES_H 1
#define HAVE_STDINT_H 1
#define HAVE_UNISTD_H 1
#define HAVE_DLFCN_H 1
#define LT_OBJDIR ".libs/"
#define _LARGE_FILE_SOURCE /**/
#define _FILE_OFFSET_BITS 64
#define STDC_HEADERS 1
#define HAVE_ARPA_INET_H 1
#define HAVE_FCNTL_H 1
#define HAVE_INTTYPES_H 1
#define HAVE_LIMITS_H 1
#define HAVE_NETDB_H 1
#define HAVE_NETINET_IN_H 1
#define HAVE_STDLIB_H 1
#define HAVE_STRING_H 1
#define HAVE_SYS_IOCTL_H 1
#define HAVE_SYS_SOCKET_H 1
#define HAVE_SYS_TIME_H 1
#define HAVE_SYSLOG_H 1
#define HAVE_UNISTD_H 1
#define HAVE_SYS_TYPES_H 1
#define HAVE_SYS_SOCKET_H 1
#define HAVE_VPRINTF 1
#define _LARGEFILE_SOURCE 1
#define HAVE_FSEEKO 1
#define HAVE_STRNLEN 1
#define HAVE_STRNDUP 1
#define HAVE_PTHREAD 1
#define UPNP_USE_RWLOCK 1

configure: exit 0
